[2026-04-08T18:25:37.313+0000] {processor.py:161} INFO - Started process (PID=6221) to work on /opt/airflow/dags/extract_data.py
[2026-04-08T18:25:37.315+0000] {processor.py:830} INFO - Processing file /opt/airflow/dags/extract_data.py for tasks to queue
[2026-04-08T18:25:37.342+0000] {logging_mixin.py:188} INFO - [2026-04-08T18:25:37.337+0000] {dagbag.py:545} INFO - Filling up the DagBag from /opt/airflow/dags/extract_data.py
[2026-04-08T18:25:37.358+0000] {logging_mixin.py:188} INFO - [2026-04-08T18:25:37.354+0000] {dagbag.py:355} ERROR - Failed to import: /opt/airflow/dags/extract_data.py
Traceback (most recent call last):
  File "/home/airflow/.local/lib/python3.10/site-packages/airflow/models/dagbag.py", line 351, in parse
    loader.exec_module(new_module)
  File "<frozen importlib._bootstrap_external>", line 883, in exec_module
  File "<frozen importlib._bootstrap>", line 241, in _call_with_frames_removed
  File "/opt/airflow/dags/extract_data.py", line 2, in <module>
    from airflow.operators.pỵthon import PythonOperator
ModuleNotFoundError: No module named 'airflow.operators.pỵthon'
[2026-04-08T18:25:37.359+0000] {processor.py:842} WARNING - No viable dags retrieved from /opt/airflow/dags/extract_data.py
[2026-04-08T18:25:37.409+0000] {processor.py:183} INFO - Processing /opt/airflow/dags/extract_data.py took 0.119 seconds
[2026-04-08T18:26:07.612+0000] {processor.py:161} INFO - Started process (PID=6232) to work on /opt/airflow/dags/extract_data.py
[2026-04-08T18:26:07.616+0000] {processor.py:830} INFO - Processing file /opt/airflow/dags/extract_data.py for tasks to queue
[2026-04-08T18:26:07.626+0000] {logging_mixin.py:188} INFO - [2026-04-08T18:26:07.626+0000] {dagbag.py:545} INFO - Filling up the DagBag from /opt/airflow/dags/extract_data.py
[2026-04-08T18:26:07.632+0000] {logging_mixin.py:188} INFO - [2026-04-08T18:26:07.631+0000] {dagbag.py:355} ERROR - Failed to import: /opt/airflow/dags/extract_data.py
Traceback (most recent call last):
  File "/home/airflow/.local/lib/python3.10/site-packages/airflow/models/dagbag.py", line 351, in parse
    loader.exec_module(new_module)
  File "<frozen importlib._bootstrap_external>", line 883, in exec_module
  File "<frozen importlib._bootstrap>", line 241, in _call_with_frames_removed
  File "/opt/airflow/dags/extract_data.py", line 2, in <module>
    from airflow.operators.pỵthon import PythonOperator
ModuleNotFoundError: No module named 'airflow.operators.pỵthon'
[2026-04-08T18:26:07.633+0000] {processor.py:842} WARNING - No viable dags retrieved from /opt/airflow/dags/extract_data.py
[2026-04-08T18:26:07.741+0000] {processor.py:183} INFO - Processing /opt/airflow/dags/extract_data.py took 0.139 seconds
[2026-04-08T18:26:27.970+0000] {processor.py:161} INFO - Started process (PID=6243) to work on /opt/airflow/dags/extract_data.py
[2026-04-08T18:26:27.971+0000] {processor.py:830} INFO - Processing file /opt/airflow/dags/extract_data.py for tasks to queue
[2026-04-08T18:26:27.972+0000] {logging_mixin.py:188} INFO - [2026-04-08T18:26:27.972+0000] {dagbag.py:545} INFO - Filling up the DagBag from /opt/airflow/dags/extract_data.py
[2026-04-08T18:26:29.688+0000] {processor.py:842} WARNING - No viable dags retrieved from /opt/airflow/dags/extract_data.py
[2026-04-08T18:26:29.696+0000] {processor.py:183} INFO - Processing /opt/airflow/dags/extract_data.py took 1.741 seconds
[2026-04-08T18:26:59.994+0000] {processor.py:161} INFO - Started process (PID=6255) to work on /opt/airflow/dags/extract_data.py
[2026-04-08T18:26:59.996+0000] {processor.py:830} INFO - Processing file /opt/airflow/dags/extract_data.py for tasks to queue
[2026-04-08T18:26:59.999+0000] {logging_mixin.py:188} INFO - [2026-04-08T18:26:59.999+0000] {dagbag.py:545} INFO - Filling up the DagBag from /opt/airflow/dags/extract_data.py
[2026-04-08T18:27:00.325+0000] {processor.py:842} WARNING - No viable dags retrieved from /opt/airflow/dags/extract_data.py
[2026-04-08T18:27:00.337+0000] {processor.py:183} INFO - Processing /opt/airflow/dags/extract_data.py took 0.362 seconds
[2026-04-08T18:27:30.458+0000] {processor.py:161} INFO - Started process (PID=6267) to work on /opt/airflow/dags/extract_data.py
[2026-04-08T18:27:30.460+0000] {processor.py:830} INFO - Processing file /opt/airflow/dags/extract_data.py for tasks to queue
[2026-04-08T18:27:30.463+0000] {logging_mixin.py:188} INFO - [2026-04-08T18:27:30.462+0000] {dagbag.py:545} INFO - Filling up the DagBag from /opt/airflow/dags/extract_data.py
[2026-04-08T18:27:30.715+0000] {processor.py:842} WARNING - No viable dags retrieved from /opt/airflow/dags/extract_data.py
[2026-04-08T18:27:30.722+0000] {processor.py:183} INFO - Processing /opt/airflow/dags/extract_data.py took 0.276 seconds
[2026-04-08T18:28:00.824+0000] {processor.py:161} INFO - Started process (PID=6279) to work on /opt/airflow/dags/extract_data.py
[2026-04-08T18:28:00.826+0000] {processor.py:830} INFO - Processing file /opt/airflow/dags/extract_data.py for tasks to queue
[2026-04-08T18:28:00.831+0000] {logging_mixin.py:188} INFO - [2026-04-08T18:28:00.830+0000] {dagbag.py:545} INFO - Filling up the DagBag from /opt/airflow/dags/extract_data.py
[2026-04-08T18:28:01.213+0000] {processor.py:842} WARNING - No viable dags retrieved from /opt/airflow/dags/extract_data.py
[2026-04-08T18:28:01.222+0000] {processor.py:183} INFO - Processing /opt/airflow/dags/extract_data.py took 0.419 seconds
[2026-04-08T18:28:31.472+0000] {processor.py:161} INFO - Started process (PID=6290) to work on /opt/airflow/dags/extract_data.py
[2026-04-08T18:28:31.474+0000] {processor.py:830} INFO - Processing file /opt/airflow/dags/extract_data.py for tasks to queue
[2026-04-08T18:28:31.478+0000] {logging_mixin.py:188} INFO - [2026-04-08T18:28:31.477+0000] {dagbag.py:545} INFO - Filling up the DagBag from /opt/airflow/dags/extract_data.py
[2026-04-08T18:28:31.807+0000] {processor.py:842} WARNING - No viable dags retrieved from /opt/airflow/dags/extract_data.py
[2026-04-08T18:28:31.816+0000] {processor.py:183} INFO - Processing /opt/airflow/dags/extract_data.py took 0.356 seconds
[2026-04-08T18:29:02.098+0000] {processor.py:161} INFO - Started process (PID=6302) to work on /opt/airflow/dags/extract_data.py
[2026-04-08T18:29:02.100+0000] {processor.py:830} INFO - Processing file /opt/airflow/dags/extract_data.py for tasks to queue
[2026-04-08T18:29:02.103+0000] {logging_mixin.py:188} INFO - [2026-04-08T18:29:02.103+0000] {dagbag.py:545} INFO - Filling up the DagBag from /opt/airflow/dags/extract_data.py
[2026-04-08T18:29:02.470+0000] {processor.py:842} WARNING - No viable dags retrieved from /opt/airflow/dags/extract_data.py
[2026-04-08T18:29:02.478+0000] {processor.py:183} INFO - Processing /opt/airflow/dags/extract_data.py took 0.404 seconds
[2026-04-08T18:29:32.533+0000] {processor.py:161} INFO - Started process (PID=6314) to work on /opt/airflow/dags/extract_data.py
[2026-04-08T18:29:32.534+0000] {processor.py:830} INFO - Processing file /opt/airflow/dags/extract_data.py for tasks to queue
[2026-04-08T18:29:32.539+0000] {logging_mixin.py:188} INFO - [2026-04-08T18:29:32.539+0000] {dagbag.py:545} INFO - Filling up the DagBag from /opt/airflow/dags/extract_data.py
[2026-04-08T18:29:33.419+0000] {processor.py:842} WARNING - No viable dags retrieved from /opt/airflow/dags/extract_data.py
[2026-04-08T18:29:33.481+0000] {processor.py:183} INFO - Processing /opt/airflow/dags/extract_data.py took 0.959 seconds
[2026-04-08T18:29:34.758+0000] {processor.py:161} INFO - Started process (PID=6320) to work on /opt/airflow/dags/extract_data.py
[2026-04-08T18:29:34.759+0000] {processor.py:830} INFO - Processing file /opt/airflow/dags/extract_data.py for tasks to queue
[2026-04-08T18:29:34.761+0000] {logging_mixin.py:188} INFO - [2026-04-08T18:29:34.761+0000] {dagbag.py:545} INFO - Filling up the DagBag from /opt/airflow/dags/extract_data.py
[2026-04-08T18:29:36.055+0000] {processor.py:842} WARNING - No viable dags retrieved from /opt/airflow/dags/extract_data.py
[2026-04-08T18:29:36.078+0000] {processor.py:183} INFO - Processing /opt/airflow/dags/extract_data.py took 1.328 seconds
[2026-04-08T18:34:52.339+0000] {processor.py:161} INFO - Started process (PID=171) to work on /opt/airflow/dags/extract_data.py
[2026-04-08T18:34:52.341+0000] {processor.py:830} INFO - Processing file /opt/airflow/dags/extract_data.py for tasks to queue
[2026-04-08T18:34:52.343+0000] {logging_mixin.py:188} INFO - [2026-04-08T18:34:52.343+0000] {dagbag.py:545} INFO - Filling up the DagBag from /opt/airflow/dags/extract_data.py
[2026-04-08T18:34:52.353+0000] {logging_mixin.py:188} INFO - [2026-04-08T18:34:52.353+0000] {dagbag.py:355} ERROR - Failed to import: /opt/airflow/dags/extract_data.py
Traceback (most recent call last):
  File "/home/airflow/.local/lib/python3.10/site-packages/airflow/models/dagbag.py", line 351, in parse
    loader.exec_module(new_module)
  File "<frozen importlib._bootstrap_external>", line 879, in exec_module
  File "<frozen importlib._bootstrap_external>", line 1017, in get_code
  File "<frozen importlib._bootstrap_external>", line 947, in source_to_code
  File "<frozen importlib._bootstrap>", line 241, in _call_with_frames_removed
  File "/opt/airflow/dags/extract_data.py", line 30
    staging_operator.
                     ^
SyntaxError: invalid syntax
[2026-04-08T18:34:52.353+0000] {processor.py:842} WARNING - No viable dags retrieved from /opt/airflow/dags/extract_data.py
[2026-04-08T18:34:52.368+0000] {processor.py:183} INFO - Processing /opt/airflow/dags/extract_data.py took 0.032 seconds
[2026-04-08T18:35:22.678+0000] {processor.py:161} INFO - Started process (PID=183) to work on /opt/airflow/dags/extract_data.py
[2026-04-08T18:35:22.679+0000] {processor.py:830} INFO - Processing file /opt/airflow/dags/extract_data.py for tasks to queue
[2026-04-08T18:35:22.682+0000] {logging_mixin.py:188} INFO - [2026-04-08T18:35:22.682+0000] {dagbag.py:545} INFO - Filling up the DagBag from /opt/airflow/dags/extract_data.py
[2026-04-08T18:35:22.691+0000] {logging_mixin.py:188} INFO - [2026-04-08T18:35:22.690+0000] {dagbag.py:355} ERROR - Failed to import: /opt/airflow/dags/extract_data.py
Traceback (most recent call last):
  File "/home/airflow/.local/lib/python3.10/site-packages/airflow/models/dagbag.py", line 351, in parse
    loader.exec_module(new_module)
  File "<frozen importlib._bootstrap_external>", line 879, in exec_module
  File "<frozen importlib._bootstrap_external>", line 1017, in get_code
  File "<frozen importlib._bootstrap_external>", line 947, in source_to_code
  File "<frozen importlib._bootstrap>", line 241, in _call_with_frames_removed
  File "/opt/airflow/dags/extract_data.py", line 30
    staging_operator.
                     ^
SyntaxError: invalid syntax
[2026-04-08T18:35:22.692+0000] {processor.py:842} WARNING - No viable dags retrieved from /opt/airflow/dags/extract_data.py
[2026-04-08T18:35:22.717+0000] {processor.py:183} INFO - Processing /opt/airflow/dags/extract_data.py took 0.052 seconds
[2026-04-08T18:35:52.985+0000] {processor.py:161} INFO - Started process (PID=194) to work on /opt/airflow/dags/extract_data.py
[2026-04-08T18:35:52.987+0000] {processor.py:830} INFO - Processing file /opt/airflow/dags/extract_data.py for tasks to queue
[2026-04-08T18:35:52.989+0000] {logging_mixin.py:188} INFO - [2026-04-08T18:35:52.989+0000] {dagbag.py:545} INFO - Filling up the DagBag from /opt/airflow/dags/extract_data.py
[2026-04-08T18:35:52.993+0000] {logging_mixin.py:188} INFO - [2026-04-08T18:35:52.993+0000] {dagbag.py:355} ERROR - Failed to import: /opt/airflow/dags/extract_data.py
Traceback (most recent call last):
  File "/home/airflow/.local/lib/python3.10/site-packages/airflow/models/dagbag.py", line 351, in parse
    loader.exec_module(new_module)
  File "<frozen importlib._bootstrap_external>", line 879, in exec_module
  File "<frozen importlib._bootstrap_external>", line 1017, in get_code
  File "<frozen importlib._bootstrap_external>", line 947, in source_to_code
  File "<frozen importlib._bootstrap>", line 241, in _call_with_frames_removed
  File "/opt/airflow/dags/extract_data.py", line 30
    staging_operator.
                     ^
SyntaxError: invalid syntax
[2026-04-08T18:35:52.993+0000] {processor.py:842} WARNING - No viable dags retrieved from /opt/airflow/dags/extract_data.py
[2026-04-08T18:35:53.017+0000] {processor.py:183} INFO - Processing /opt/airflow/dags/extract_data.py took 0.046 seconds
[2026-04-08T18:36:23.189+0000] {processor.py:161} INFO - Started process (PID=205) to work on /opt/airflow/dags/extract_data.py
[2026-04-08T18:36:23.190+0000] {processor.py:830} INFO - Processing file /opt/airflow/dags/extract_data.py for tasks to queue
[2026-04-08T18:36:23.192+0000] {logging_mixin.py:188} INFO - [2026-04-08T18:36:23.192+0000] {dagbag.py:545} INFO - Filling up the DagBag from /opt/airflow/dags/extract_data.py
[2026-04-08T18:36:23.197+0000] {logging_mixin.py:188} INFO - [2026-04-08T18:36:23.196+0000] {dagbag.py:355} ERROR - Failed to import: /opt/airflow/dags/extract_data.py
Traceback (most recent call last):
  File "/home/airflow/.local/lib/python3.10/site-packages/airflow/models/dagbag.py", line 351, in parse
    loader.exec_module(new_module)
  File "<frozen importlib._bootstrap_external>", line 879, in exec_module
  File "<frozen importlib._bootstrap_external>", line 1017, in get_code
  File "<frozen importlib._bootstrap_external>", line 947, in source_to_code
  File "<frozen importlib._bootstrap>", line 241, in _call_with_frames_removed
  File "/opt/airflow/dags/extract_data.py", line 30
    staging_operator.
                     ^
SyntaxError: invalid syntax
[2026-04-08T18:36:23.197+0000] {processor.py:842} WARNING - No viable dags retrieved from /opt/airflow/dags/extract_data.py
[2026-04-08T18:36:23.220+0000] {processor.py:183} INFO - Processing /opt/airflow/dags/extract_data.py took 0.044 seconds
[2026-04-08T18:36:53.411+0000] {processor.py:161} INFO - Started process (PID=216) to work on /opt/airflow/dags/extract_data.py
[2026-04-08T18:36:53.412+0000] {processor.py:830} INFO - Processing file /opt/airflow/dags/extract_data.py for tasks to queue
[2026-04-08T18:36:53.414+0000] {logging_mixin.py:188} INFO - [2026-04-08T18:36:53.414+0000] {dagbag.py:545} INFO - Filling up the DagBag from /opt/airflow/dags/extract_data.py
[2026-04-08T18:36:53.417+0000] {logging_mixin.py:188} INFO - [2026-04-08T18:36:53.417+0000] {dagbag.py:355} ERROR - Failed to import: /opt/airflow/dags/extract_data.py
Traceback (most recent call last):
  File "/home/airflow/.local/lib/python3.10/site-packages/airflow/models/dagbag.py", line 351, in parse
    loader.exec_module(new_module)
  File "<frozen importlib._bootstrap_external>", line 879, in exec_module
  File "<frozen importlib._bootstrap_external>", line 1017, in get_code
  File "<frozen importlib._bootstrap_external>", line 947, in source_to_code
  File "<frozen importlib._bootstrap>", line 241, in _call_with_frames_removed
  File "/opt/airflow/dags/extract_data.py", line 30
    staging_operator.
                     ^
SyntaxError: invalid syntax
[2026-04-08T18:36:53.417+0000] {processor.py:842} WARNING - No viable dags retrieved from /opt/airflow/dags/extract_data.py
[2026-04-08T18:36:53.435+0000] {processor.py:183} INFO - Processing /opt/airflow/dags/extract_data.py took 0.030 seconds
[2026-04-08T18:37:23.693+0000] {processor.py:161} INFO - Started process (PID=227) to work on /opt/airflow/dags/extract_data.py
[2026-04-08T18:37:23.694+0000] {processor.py:830} INFO - Processing file /opt/airflow/dags/extract_data.py for tasks to queue
[2026-04-08T18:37:23.696+0000] {logging_mixin.py:188} INFO - [2026-04-08T18:37:23.696+0000] {dagbag.py:545} INFO - Filling up the DagBag from /opt/airflow/dags/extract_data.py
[2026-04-08T18:37:23.699+0000] {logging_mixin.py:188} INFO - [2026-04-08T18:37:23.699+0000] {dagbag.py:355} ERROR - Failed to import: /opt/airflow/dags/extract_data.py
Traceback (most recent call last):
  File "/home/airflow/.local/lib/python3.10/site-packages/airflow/models/dagbag.py", line 351, in parse
    loader.exec_module(new_module)
  File "<frozen importlib._bootstrap_external>", line 879, in exec_module
  File "<frozen importlib._bootstrap_external>", line 1017, in get_code
  File "<frozen importlib._bootstrap_external>", line 947, in source_to_code
  File "<frozen importlib._bootstrap>", line 241, in _call_with_frames_removed
  File "/opt/airflow/dags/extract_data.py", line 30
    staging_operator.
                     ^
SyntaxError: invalid syntax
[2026-04-08T18:37:23.699+0000] {processor.py:842} WARNING - No viable dags retrieved from /opt/airflow/dags/extract_data.py
[2026-04-08T18:37:23.717+0000] {processor.py:183} INFO - Processing /opt/airflow/dags/extract_data.py took 0.033 seconds
[2026-04-08T18:37:53.928+0000] {processor.py:161} INFO - Started process (PID=238) to work on /opt/airflow/dags/extract_data.py
[2026-04-08T18:37:53.931+0000] {processor.py:830} INFO - Processing file /opt/airflow/dags/extract_data.py for tasks to queue
[2026-04-08T18:37:53.935+0000] {logging_mixin.py:188} INFO - [2026-04-08T18:37:53.933+0000] {dagbag.py:545} INFO - Filling up the DagBag from /opt/airflow/dags/extract_data.py
[2026-04-08T18:37:53.948+0000] {logging_mixin.py:188} INFO - [2026-04-08T18:37:53.947+0000] {dagbag.py:355} ERROR - Failed to import: /opt/airflow/dags/extract_data.py
Traceback (most recent call last):
  File "/home/airflow/.local/lib/python3.10/site-packages/airflow/models/dagbag.py", line 351, in parse
    loader.exec_module(new_module)
  File "<frozen importlib._bootstrap_external>", line 879, in exec_module
  File "<frozen importlib._bootstrap_external>", line 1017, in get_code
  File "<frozen importlib._bootstrap_external>", line 947, in source_to_code
  File "<frozen importlib._bootstrap>", line 241, in _call_with_frames_removed
  File "/opt/airflow/dags/extract_data.py", line 30
    staging_operator.
                     ^
SyntaxError: invalid syntax
[2026-04-08T18:37:53.948+0000] {processor.py:842} WARNING - No viable dags retrieved from /opt/airflow/dags/extract_data.py
[2026-04-08T18:37:53.961+0000] {processor.py:183} INFO - Processing /opt/airflow/dags/extract_data.py took 0.046 seconds
[2026-04-08T18:38:24.221+0000] {processor.py:161} INFO - Started process (PID=249) to work on /opt/airflow/dags/extract_data.py
[2026-04-08T18:38:24.222+0000] {processor.py:830} INFO - Processing file /opt/airflow/dags/extract_data.py for tasks to queue
[2026-04-08T18:38:24.224+0000] {logging_mixin.py:188} INFO - [2026-04-08T18:38:24.224+0000] {dagbag.py:545} INFO - Filling up the DagBag from /opt/airflow/dags/extract_data.py
[2026-04-08T18:38:24.230+0000] {logging_mixin.py:188} INFO - [2026-04-08T18:38:24.228+0000] {dagbag.py:355} ERROR - Failed to import: /opt/airflow/dags/extract_data.py
Traceback (most recent call last):
  File "/home/airflow/.local/lib/python3.10/site-packages/airflow/models/dagbag.py", line 351, in parse
    loader.exec_module(new_module)
  File "<frozen importlib._bootstrap_external>", line 879, in exec_module
  File "<frozen importlib._bootstrap_external>", line 1017, in get_code
  File "<frozen importlib._bootstrap_external>", line 947, in source_to_code
  File "<frozen importlib._bootstrap>", line 241, in _call_with_frames_removed
  File "/opt/airflow/dags/extract_data.py", line 30
    staging_operator.
                     ^
SyntaxError: invalid syntax
[2026-04-08T18:38:24.230+0000] {processor.py:842} WARNING - No viable dags retrieved from /opt/airflow/dags/extract_data.py
[2026-04-08T18:38:24.248+0000] {processor.py:183} INFO - Processing /opt/airflow/dags/extract_data.py took 0.032 seconds
[2026-04-08T18:38:54.497+0000] {processor.py:161} INFO - Started process (PID=260) to work on /opt/airflow/dags/extract_data.py
[2026-04-08T18:38:54.498+0000] {processor.py:830} INFO - Processing file /opt/airflow/dags/extract_data.py for tasks to queue
[2026-04-08T18:38:54.500+0000] {logging_mixin.py:188} INFO - [2026-04-08T18:38:54.500+0000] {dagbag.py:545} INFO - Filling up the DagBag from /opt/airflow/dags/extract_data.py
[2026-04-08T18:38:54.504+0000] {logging_mixin.py:188} INFO - [2026-04-08T18:38:54.503+0000] {dagbag.py:355} ERROR - Failed to import: /opt/airflow/dags/extract_data.py
Traceback (most recent call last):
  File "/home/airflow/.local/lib/python3.10/site-packages/airflow/models/dagbag.py", line 351, in parse
    loader.exec_module(new_module)
  File "<frozen importlib._bootstrap_external>", line 879, in exec_module
  File "<frozen importlib._bootstrap_external>", line 1017, in get_code
  File "<frozen importlib._bootstrap_external>", line 947, in source_to_code
  File "<frozen importlib._bootstrap>", line 241, in _call_with_frames_removed
  File "/opt/airflow/dags/extract_data.py", line 30
    staging_operator.
                     ^
SyntaxError: invalid syntax
[2026-04-08T18:38:54.505+0000] {processor.py:842} WARNING - No viable dags retrieved from /opt/airflow/dags/extract_data.py
[2026-04-08T18:38:54.519+0000] {processor.py:183} INFO - Processing /opt/airflow/dags/extract_data.py took 0.028 seconds
[2026-04-08T18:39:20.796+0000] {processor.py:161} INFO - Started process (PID=271) to work on /opt/airflow/dags/extract_data.py
[2026-04-08T18:39:20.798+0000] {processor.py:830} INFO - Processing file /opt/airflow/dags/extract_data.py for tasks to queue
[2026-04-08T18:39:20.801+0000] {logging_mixin.py:188} INFO - [2026-04-08T18:39:20.800+0000] {dagbag.py:545} INFO - Filling up the DagBag from /opt/airflow/dags/extract_data.py
[2026-04-08T18:39:20.808+0000] {logging_mixin.py:188} INFO - [2026-04-08T18:39:20.808+0000] {dagbag.py:355} ERROR - Failed to import: /opt/airflow/dags/extract_data.py
Traceback (most recent call last):
  File "/home/airflow/.local/lib/python3.10/site-packages/airflow/models/dagbag.py", line 351, in parse
    loader.exec_module(new_module)
  File "<frozen importlib._bootstrap_external>", line 883, in exec_module
  File "<frozen importlib._bootstrap>", line 241, in _call_with_frames_removed
  File "/opt/airflow/dags/extract_data.py", line 7, in <module>
    from plugins.mysql_operator import MySQLOperators
ModuleNotFoundError: No module named 'plugins'
[2026-04-08T18:39:20.809+0000] {processor.py:842} WARNING - No viable dags retrieved from /opt/airflow/dags/extract_data.py
[2026-04-08T18:39:20.835+0000] {processor.py:183} INFO - Processing /opt/airflow/dags/extract_data.py took 0.092 seconds
[2026-04-08T18:39:30.836+0000] {processor.py:161} INFO - Started process (PID=282) to work on /opt/airflow/dags/extract_data.py
[2026-04-08T18:39:30.837+0000] {processor.py:830} INFO - Processing file /opt/airflow/dags/extract_data.py for tasks to queue
[2026-04-08T18:39:30.839+0000] {logging_mixin.py:188} INFO - [2026-04-08T18:39:30.838+0000] {dagbag.py:545} INFO - Filling up the DagBag from /opt/airflow/dags/extract_data.py
[2026-04-08T18:39:30.842+0000] {logging_mixin.py:188} INFO - [2026-04-08T18:39:30.842+0000] {dagbag.py:355} ERROR - Failed to import: /opt/airflow/dags/extract_data.py
Traceback (most recent call last):
  File "/home/airflow/.local/lib/python3.10/site-packages/airflow/models/dagbag.py", line 351, in parse
    loader.exec_module(new_module)
  File "<frozen importlib._bootstrap_external>", line 879, in exec_module
  File "<frozen importlib._bootstrap_external>", line 1017, in get_code
  File "<frozen importlib._bootstrap_external>", line 947, in source_to_code
  File "<frozen importlib._bootstrap>", line 241, in _call_with_frames_removed
  File "/opt/airflow/dags/extract_data.py", line 30
    staging_operator.save_data_to_postgres(df, =table, schema='public', if_exists='replace')
                                               ^
SyntaxError: invalid syntax
[2026-04-08T18:39:30.842+0000] {processor.py:842} WARNING - No viable dags retrieved from /opt/airflow/dags/extract_data.py
[2026-04-08T18:39:30.855+0000] {processor.py:183} INFO - Processing /opt/airflow/dags/extract_data.py took 0.025 seconds
[2026-04-08T18:39:32.884+0000] {processor.py:161} INFO - Started process (PID=287) to work on /opt/airflow/dags/extract_data.py
[2026-04-08T18:39:32.890+0000] {processor.py:830} INFO - Processing file /opt/airflow/dags/extract_data.py for tasks to queue
[2026-04-08T18:39:32.894+0000] {logging_mixin.py:188} INFO - [2026-04-08T18:39:32.893+0000] {dagbag.py:545} INFO - Filling up the DagBag from /opt/airflow/dags/extract_data.py
[2026-04-08T18:39:32.899+0000] {logging_mixin.py:188} INFO - [2026-04-08T18:39:32.898+0000] {dagbag.py:355} ERROR - Failed to import: /opt/airflow/dags/extract_data.py
Traceback (most recent call last):
  File "/home/airflow/.local/lib/python3.10/site-packages/airflow/models/dagbag.py", line 351, in parse
    loader.exec_module(new_module)
  File "<frozen importlib._bootstrap_external>", line 879, in exec_module
  File "<frozen importlib._bootstrap_external>", line 1017, in get_code
  File "<frozen importlib._bootstrap_external>", line 947, in source_to_code
  File "<frozen importlib._bootstrap>", line 241, in _call_with_frames_removed
  File "/opt/airflow/dags/extract_data.py", line 30
    staging_operator.save_data_to_postgres(df, , schema='public', if_exists='replace')
                                               ^
SyntaxError: invalid syntax
[2026-04-08T18:39:32.899+0000] {processor.py:842} WARNING - No viable dags retrieved from /opt/airflow/dags/extract_data.py
[2026-04-08T18:39:32.914+0000] {processor.py:183} INFO - Processing /opt/airflow/dags/extract_data.py took 0.038 seconds
[2026-04-08T18:39:38.979+0000] {processor.py:161} INFO - Started process (PID=292) to work on /opt/airflow/dags/extract_data.py
[2026-04-08T18:39:38.981+0000] {processor.py:830} INFO - Processing file /opt/airflow/dags/extract_data.py for tasks to queue
[2026-04-08T18:39:38.983+0000] {logging_mixin.py:188} INFO - [2026-04-08T18:39:38.983+0000] {dagbag.py:545} INFO - Filling up the DagBag from /opt/airflow/dags/extract_data.py
[2026-04-08T18:39:38.989+0000] {logging_mixin.py:188} INFO - [2026-04-08T18:39:38.988+0000] {dagbag.py:355} ERROR - Failed to import: /opt/airflow/dags/extract_data.py
Traceback (most recent call last):
  File "/home/airflow/.local/lib/python3.10/site-packages/airflow/models/dagbag.py", line 351, in parse
    loader.exec_module(new_module)
  File "<frozen importlib._bootstrap_external>", line 883, in exec_module
  File "<frozen importlib._bootstrap>", line 241, in _call_with_frames_removed
  File "/opt/airflow/dags/extract_data.py", line 7, in <module>
    from plugins.mysql_operator import MySQLOperators
ModuleNotFoundError: No module named 'plugins'
[2026-04-08T18:39:38.989+0000] {processor.py:842} WARNING - No viable dags retrieved from /opt/airflow/dags/extract_data.py
[2026-04-08T18:39:39.006+0000] {processor.py:183} INFO - Processing /opt/airflow/dags/extract_data.py took 0.034 seconds
[2026-04-08T18:39:44.045+0000] {processor.py:161} INFO - Started process (PID=297) to work on /opt/airflow/dags/extract_data.py
[2026-04-08T18:39:44.046+0000] {processor.py:830} INFO - Processing file /opt/airflow/dags/extract_data.py for tasks to queue
[2026-04-08T18:39:44.049+0000] {logging_mixin.py:188} INFO - [2026-04-08T18:39:44.049+0000] {dagbag.py:545} INFO - Filling up the DagBag from /opt/airflow/dags/extract_data.py
[2026-04-08T18:39:44.055+0000] {logging_mixin.py:188} INFO - [2026-04-08T18:39:44.054+0000] {dagbag.py:355} ERROR - Failed to import: /opt/airflow/dags/extract_data.py
Traceback (most recent call last):
  File "/home/airflow/.local/lib/python3.10/site-packages/airflow/models/dagbag.py", line 351, in parse
    loader.exec_module(new_module)
  File "<frozen importlib._bootstrap_external>", line 883, in exec_module
  File "<frozen importlib._bootstrap>", line 241, in _call_with_frames_removed
  File "/opt/airflow/dags/extract_data.py", line 7, in <module>
    from plugins.mysql_operator import MySQLOperators
ModuleNotFoundError: No module named 'plugins'
[2026-04-08T18:39:44.055+0000] {processor.py:842} WARNING - No viable dags retrieved from /opt/airflow/dags/extract_data.py
[2026-04-08T18:39:44.071+0000] {processor.py:183} INFO - Processing /opt/airflow/dags/extract_data.py took 0.034 seconds
[2026-04-08T18:39:53.130+0000] {processor.py:161} INFO - Started process (PID=302) to work on /opt/airflow/dags/extract_data.py
[2026-04-08T18:39:53.132+0000] {processor.py:830} INFO - Processing file /opt/airflow/dags/extract_data.py for tasks to queue
[2026-04-08T18:39:53.136+0000] {logging_mixin.py:188} INFO - [2026-04-08T18:39:53.136+0000] {dagbag.py:545} INFO - Filling up the DagBag from /opt/airflow/dags/extract_data.py
[2026-04-08T18:39:53.139+0000] {logging_mixin.py:188} INFO - [2026-04-08T18:39:53.138+0000] {dagbag.py:355} ERROR - Failed to import: /opt/airflow/dags/extract_data.py
Traceback (most recent call last):
  File "/home/airflow/.local/lib/python3.10/site-packages/airflow/models/dagbag.py", line 351, in parse
    loader.exec_module(new_module)
  File "<frozen importlib._bootstrap_external>", line 879, in exec_module
  File "<frozen importlib._bootstrap_external>", line 1017, in get_code
  File "<frozen importlib._bootstrap_external>", line 947, in source_to_code
  File "<frozen importlib._bootstrap>", line 241, in _call_with_frames_removed
  File "/opt/airflow/dags/extract_data.py", line 30
    staging_operator.save_data_to_postgres(df, f"stg_{table}", schema='staging',, if_exists='replace')
                                                                                ^
SyntaxError: invalid syntax
[2026-04-08T18:39:53.139+0000] {processor.py:842} WARNING - No viable dags retrieved from /opt/airflow/dags/extract_data.py
[2026-04-08T18:39:53.148+0000] {processor.py:183} INFO - Processing /opt/airflow/dags/extract_data.py took 0.026 seconds
[2026-04-08T18:39:54.156+0000] {processor.py:161} INFO - Started process (PID=307) to work on /opt/airflow/dags/extract_data.py
[2026-04-08T18:39:54.157+0000] {processor.py:830} INFO - Processing file /opt/airflow/dags/extract_data.py for tasks to queue
[2026-04-08T18:39:54.158+0000] {logging_mixin.py:188} INFO - [2026-04-08T18:39:54.158+0000] {dagbag.py:545} INFO - Filling up the DagBag from /opt/airflow/dags/extract_data.py
[2026-04-08T18:39:54.163+0000] {logging_mixin.py:188} INFO - [2026-04-08T18:39:54.162+0000] {dagbag.py:355} ERROR - Failed to import: /opt/airflow/dags/extract_data.py
Traceback (most recent call last):
  File "/home/airflow/.local/lib/python3.10/site-packages/airflow/models/dagbag.py", line 351, in parse
    loader.exec_module(new_module)
  File "<frozen importlib._bootstrap_external>", line 883, in exec_module
  File "<frozen importlib._bootstrap>", line 241, in _call_with_frames_removed
  File "/opt/airflow/dags/extract_data.py", line 7, in <module>
    from plugins.mysql_operator import MySQLOperators
ModuleNotFoundError: No module named 'plugins'
[2026-04-08T18:39:54.163+0000] {processor.py:842} WARNING - No viable dags retrieved from /opt/airflow/dags/extract_data.py
[2026-04-08T18:39:54.176+0000] {processor.py:183} INFO - Processing /opt/airflow/dags/extract_data.py took 0.026 seconds
[2026-04-08T18:40:05.342+0000] {processor.py:161} INFO - Started process (PID=318) to work on /opt/airflow/dags/extract_data.py
[2026-04-08T18:40:05.344+0000] {processor.py:830} INFO - Processing file /opt/airflow/dags/extract_data.py for tasks to queue
[2026-04-08T18:40:05.346+0000] {logging_mixin.py:188} INFO - [2026-04-08T18:40:05.346+0000] {dagbag.py:545} INFO - Filling up the DagBag from /opt/airflow/dags/extract_data.py
[2026-04-08T18:40:05.351+0000] {logging_mixin.py:188} INFO - [2026-04-08T18:40:05.351+0000] {dagbag.py:355} ERROR - Failed to import: /opt/airflow/dags/extract_data.py
Traceback (most recent call last):
  File "/home/airflow/.local/lib/python3.10/site-packages/airflow/models/dagbag.py", line 351, in parse
    loader.exec_module(new_module)
  File "<frozen importlib._bootstrap_external>", line 883, in exec_module
  File "<frozen importlib._bootstrap>", line 241, in _call_with_frames_removed
  File "/opt/airflow/dags/extract_data.py", line 7, in <module>
    from plugins.mysql_operator import MySQLOperators
ModuleNotFoundError: No module named 'plugins'
[2026-04-08T18:40:05.352+0000] {processor.py:842} WARNING - No viable dags retrieved from /opt/airflow/dags/extract_data.py
[2026-04-08T18:40:05.368+0000] {processor.py:183} INFO - Processing /opt/airflow/dags/extract_data.py took 0.042 seconds
[2026-04-08T18:40:11.404+0000] {processor.py:161} INFO - Started process (PID=323) to work on /opt/airflow/dags/extract_data.py
[2026-04-08T18:40:11.407+0000] {processor.py:830} INFO - Processing file /opt/airflow/dags/extract_data.py for tasks to queue
[2026-04-08T18:40:11.409+0000] {logging_mixin.py:188} INFO - [2026-04-08T18:40:11.408+0000] {dagbag.py:545} INFO - Filling up the DagBag from /opt/airflow/dags/extract_data.py
[2026-04-08T18:40:11.413+0000] {logging_mixin.py:188} INFO - [2026-04-08T18:40:11.412+0000] {dagbag.py:355} ERROR - Failed to import: /opt/airflow/dags/extract_data.py
Traceback (most recent call last):
  File "/home/airflow/.local/lib/python3.10/site-packages/airflow/models/dagbag.py", line 351, in parse
    loader.exec_module(new_module)
  File "<frozen importlib._bootstrap_external>", line 879, in exec_module
  File "<frozen importlib._bootstrap_external>", line 1017, in get_code
  File "<frozen importlib._bootstrap_external>", line 947, in source_to_code
  File "<frozen importlib._bootstrap>", line 241, in _call_with_frames_removed
  File "/opt/airflow/dags/extract_data.py", line 32
    print(f"Đã trích xuất và lưu bảng {table} từ MySQL vào PostgreSQL public")
IndentationError: unexpected indent
[2026-04-08T18:40:11.413+0000] {processor.py:842} WARNING - No viable dags retrieved from /opt/airflow/dags/extract_data.py
[2026-04-08T18:40:11.429+0000] {processor.py:183} INFO - Processing /opt/airflow/dags/extract_data.py took 0.033 seconds
[2026-04-08T18:40:14.451+0000] {processor.py:161} INFO - Started process (PID=328) to work on /opt/airflow/dags/extract_data.py
[2026-04-08T18:40:14.451+0000] {processor.py:830} INFO - Processing file /opt/airflow/dags/extract_data.py for tasks to queue
[2026-04-08T18:40:14.453+0000] {logging_mixin.py:188} INFO - [2026-04-08T18:40:14.452+0000] {dagbag.py:545} INFO - Filling up the DagBag from /opt/airflow/dags/extract_data.py
[2026-04-08T18:40:14.456+0000] {logging_mixin.py:188} INFO - [2026-04-08T18:40:14.455+0000] {dagbag.py:355} ERROR - Failed to import: /opt/airflow/dags/extract_data.py
Traceback (most recent call last):
  File "/home/airflow/.local/lib/python3.10/site-packages/airflow/models/dagbag.py", line 351, in parse
    loader.exec_module(new_module)
  File "<frozen importlib._bootstrap_external>", line 883, in exec_module
  File "<frozen importlib._bootstrap>", line 241, in _call_with_frames_removed
  File "/opt/airflow/dags/extract_data.py", line 7, in <module>
    from plugins.mysql_operator import MySQLOperators
ModuleNotFoundError: No module named 'plugins'
[2026-04-08T18:40:14.456+0000] {processor.py:842} WARNING - No viable dags retrieved from /opt/airflow/dags/extract_data.py
[2026-04-08T18:40:14.465+0000] {processor.py:183} INFO - Processing /opt/airflow/dags/extract_data.py took 0.018 seconds
[2026-04-08T18:40:44.776+0000] {processor.py:161} INFO - Started process (PID=339) to work on /opt/airflow/dags/extract_data.py
[2026-04-08T18:40:44.777+0000] {processor.py:830} INFO - Processing file /opt/airflow/dags/extract_data.py for tasks to queue
[2026-04-08T18:40:44.779+0000] {logging_mixin.py:188} INFO - [2026-04-08T18:40:44.779+0000] {dagbag.py:545} INFO - Filling up the DagBag from /opt/airflow/dags/extract_data.py
[2026-04-08T18:40:44.784+0000] {logging_mixin.py:188} INFO - [2026-04-08T18:40:44.783+0000] {dagbag.py:355} ERROR - Failed to import: /opt/airflow/dags/extract_data.py
Traceback (most recent call last):
  File "/home/airflow/.local/lib/python3.10/site-packages/airflow/models/dagbag.py", line 351, in parse
    loader.exec_module(new_module)
  File "<frozen importlib._bootstrap_external>", line 883, in exec_module
  File "<frozen importlib._bootstrap>", line 241, in _call_with_frames_removed
  File "/opt/airflow/dags/extract_data.py", line 7, in <module>
    from plugins.mysql_operator import MySQLOperators
ModuleNotFoundError: No module named 'plugins'
[2026-04-08T18:40:44.784+0000] {processor.py:842} WARNING - No viable dags retrieved from /opt/airflow/dags/extract_data.py
[2026-04-08T18:40:44.798+0000] {processor.py:183} INFO - Processing /opt/airflow/dags/extract_data.py took 0.028 seconds
[2026-04-08T18:41:15.131+0000] {processor.py:161} INFO - Started process (PID=350) to work on /opt/airflow/dags/extract_data.py
[2026-04-08T18:41:15.132+0000] {processor.py:830} INFO - Processing file /opt/airflow/dags/extract_data.py for tasks to queue
[2026-04-08T18:41:15.134+0000] {logging_mixin.py:188} INFO - [2026-04-08T18:41:15.134+0000] {dagbag.py:545} INFO - Filling up the DagBag from /opt/airflow/dags/extract_data.py
[2026-04-08T18:41:15.139+0000] {logging_mixin.py:188} INFO - [2026-04-08T18:41:15.138+0000] {dagbag.py:355} ERROR - Failed to import: /opt/airflow/dags/extract_data.py
Traceback (most recent call last):
  File "/home/airflow/.local/lib/python3.10/site-packages/airflow/models/dagbag.py", line 351, in parse
    loader.exec_module(new_module)
  File "<frozen importlib._bootstrap_external>", line 883, in exec_module
  File "<frozen importlib._bootstrap>", line 241, in _call_with_frames_removed
  File "/opt/airflow/dags/extract_data.py", line 7, in <module>
    from plugins.mysql_operator import MySQLOperators
ModuleNotFoundError: No module named 'plugins'
[2026-04-08T18:41:15.139+0000] {processor.py:842} WARNING - No viable dags retrieved from /opt/airflow/dags/extract_data.py
[2026-04-08T18:41:15.165+0000] {processor.py:183} INFO - Processing /opt/airflow/dags/extract_data.py took 0.047 seconds
[2026-04-08T18:41:45.409+0000] {processor.py:161} INFO - Started process (PID=361) to work on /opt/airflow/dags/extract_data.py
[2026-04-08T18:41:45.410+0000] {processor.py:830} INFO - Processing file /opt/airflow/dags/extract_data.py for tasks to queue
[2026-04-08T18:41:45.412+0000] {logging_mixin.py:188} INFO - [2026-04-08T18:41:45.412+0000] {dagbag.py:545} INFO - Filling up the DagBag from /opt/airflow/dags/extract_data.py
[2026-04-08T18:41:45.418+0000] {logging_mixin.py:188} INFO - [2026-04-08T18:41:45.417+0000] {dagbag.py:355} ERROR - Failed to import: /opt/airflow/dags/extract_data.py
Traceback (most recent call last):
  File "/home/airflow/.local/lib/python3.10/site-packages/airflow/models/dagbag.py", line 351, in parse
    loader.exec_module(new_module)
  File "<frozen importlib._bootstrap_external>", line 883, in exec_module
  File "<frozen importlib._bootstrap>", line 241, in _call_with_frames_removed
  File "/opt/airflow/dags/extract_data.py", line 7, in <module>
    from plugins.mysql_operator import MySQLOperators
ModuleNotFoundError: No module named 'plugins'
[2026-04-08T18:41:45.418+0000] {processor.py:842} WARNING - No viable dags retrieved from /opt/airflow/dags/extract_data.py
[2026-04-08T18:41:45.436+0000] {processor.py:183} INFO - Processing /opt/airflow/dags/extract_data.py took 0.033 seconds
[2026-04-08T18:42:14.729+0000] {processor.py:161} INFO - Started process (PID=372) to work on /opt/airflow/dags/extract_data.py
[2026-04-08T18:42:14.731+0000] {processor.py:830} INFO - Processing file /opt/airflow/dags/extract_data.py for tasks to queue
[2026-04-08T18:42:14.735+0000] {logging_mixin.py:188} INFO - [2026-04-08T18:42:14.734+0000] {dagbag.py:545} INFO - Filling up the DagBag from /opt/airflow/dags/extract_data.py
[2026-04-08T18:42:14.743+0000] {logging_mixin.py:188} INFO - [2026-04-08T18:42:14.743+0000] {dagbag.py:355} ERROR - Failed to import: /opt/airflow/dags/extract_data.py
Traceback (most recent call last):
  File "/home/airflow/.local/lib/python3.10/site-packages/airflow/models/dagbag.py", line 351, in parse
    loader.exec_module(new_module)
  File "<frozen importlib._bootstrap_external>", line 883, in exec_module
  File "<frozen importlib._bootstrap>", line 241, in _call_with_frames_removed
  File "/opt/airflow/dags/extract_data.py", line 6, in <module>
    from plugins.mysql_operator import MySQLOperator
ModuleNotFoundError: No module named 'plugins'
[2026-04-08T18:42:14.744+0000] {processor.py:842} WARNING - No viable dags retrieved from /opt/airflow/dags/extract_data.py
[2026-04-08T18:42:14.768+0000] {processor.py:183} INFO - Processing /opt/airflow/dags/extract_data.py took 0.045 seconds
[2026-04-08T18:42:23.836+0000] {processor.py:161} INFO - Started process (PID=377) to work on /opt/airflow/dags/extract_data.py
[2026-04-08T18:42:23.838+0000] {processor.py:830} INFO - Processing file /opt/airflow/dags/extract_data.py for tasks to queue
[2026-04-08T18:42:23.842+0000] {logging_mixin.py:188} INFO - [2026-04-08T18:42:23.842+0000] {dagbag.py:545} INFO - Filling up the DagBag from /opt/airflow/dags/extract_data.py
[2026-04-08T18:42:23.849+0000] {logging_mixin.py:188} INFO - [2026-04-08T18:42:23.848+0000] {dagbag.py:355} ERROR - Failed to import: /opt/airflow/dags/extract_data.py
Traceback (most recent call last):
  File "/home/airflow/.local/lib/python3.10/site-packages/airflow/models/dagbag.py", line 351, in parse
    loader.exec_module(new_module)
  File "<frozen importlib._bootstrap_external>", line 883, in exec_module
  File "<frozen importlib._bootstrap>", line 241, in _call_with_frames_removed
  File "/opt/airflow/dags/extract_data.py", line 6, in <module>
    from plugins.mysql_operator import MySQLOperator
ModuleNotFoundError: No module named 'plugins'
[2026-04-08T18:42:23.849+0000] {processor.py:842} WARNING - No viable dags retrieved from /opt/airflow/dags/extract_data.py
[2026-04-08T18:42:23.864+0000] {processor.py:183} INFO - Processing /opt/airflow/dags/extract_data.py took 0.035 seconds
[2026-04-08T18:42:54.183+0000] {processor.py:161} INFO - Started process (PID=388) to work on /opt/airflow/dags/extract_data.py
[2026-04-08T18:42:54.185+0000] {processor.py:830} INFO - Processing file /opt/airflow/dags/extract_data.py for tasks to queue
[2026-04-08T18:42:54.188+0000] {logging_mixin.py:188} INFO - [2026-04-08T18:42:54.187+0000] {dagbag.py:545} INFO - Filling up the DagBag from /opt/airflow/dags/extract_data.py
[2026-04-08T18:42:54.193+0000] {logging_mixin.py:188} INFO - [2026-04-08T18:42:54.192+0000] {dagbag.py:355} ERROR - Failed to import: /opt/airflow/dags/extract_data.py
Traceback (most recent call last):
  File "/home/airflow/.local/lib/python3.10/site-packages/airflow/models/dagbag.py", line 351, in parse
    loader.exec_module(new_module)
  File "<frozen importlib._bootstrap_external>", line 883, in exec_module
  File "<frozen importlib._bootstrap>", line 241, in _call_with_frames_removed
  File "/opt/airflow/dags/extract_data.py", line 6, in <module>
    from plugins.mysql_operator import MySQLOperator
ModuleNotFoundError: No module named 'plugins'
[2026-04-08T18:42:54.193+0000] {processor.py:842} WARNING - No viable dags retrieved from /opt/airflow/dags/extract_data.py
[2026-04-08T18:42:54.211+0000] {processor.py:183} INFO - Processing /opt/airflow/dags/extract_data.py took 0.036 seconds
[2026-04-08T18:43:18.419+0000] {processor.py:161} INFO - Started process (PID=399) to work on /opt/airflow/dags/extract_data.py
[2026-04-08T18:43:18.420+0000] {processor.py:830} INFO - Processing file /opt/airflow/dags/extract_data.py for tasks to queue
[2026-04-08T18:43:18.424+0000] {logging_mixin.py:188} INFO - [2026-04-08T18:43:18.424+0000] {dagbag.py:545} INFO - Filling up the DagBag from /opt/airflow/dags/extract_data.py
[2026-04-08T18:43:18.431+0000] {logging_mixin.py:188} INFO - [2026-04-08T18:43:18.430+0000] {dagbag.py:355} ERROR - Failed to import: /opt/airflow/dags/extract_data.py
Traceback (most recent call last):
  File "/home/airflow/.local/lib/python3.10/site-packages/airflow/models/dagbag.py", line 351, in parse
    loader.exec_module(new_module)
  File "<frozen importlib._bootstrap_external>", line 883, in exec_module
  File "<frozen importlib._bootstrap>", line 241, in _call_with_frames_removed
  File "/opt/airflow/dags/extract_data.py", line 4, in <module>
    from airflow.providers.standard.operators.python import PythonOperator
ModuleNotFoundError: No module named 'airflow.providers.standard'
[2026-04-08T18:43:18.432+0000] {processor.py:842} WARNING - No viable dags retrieved from /opt/airflow/dags/extract_data.py
[2026-04-08T18:43:18.451+0000] {processor.py:183} INFO - Processing /opt/airflow/dags/extract_data.py took 0.042 seconds
[2026-04-08T18:43:48.705+0000] {processor.py:161} INFO - Started process (PID=410) to work on /opt/airflow/dags/extract_data.py
[2026-04-08T18:43:48.706+0000] {processor.py:830} INFO - Processing file /opt/airflow/dags/extract_data.py for tasks to queue
[2026-04-08T18:43:48.708+0000] {logging_mixin.py:188} INFO - [2026-04-08T18:43:48.708+0000] {dagbag.py:545} INFO - Filling up the DagBag from /opt/airflow/dags/extract_data.py
[2026-04-08T18:43:48.713+0000] {logging_mixin.py:188} INFO - [2026-04-08T18:43:48.712+0000] {dagbag.py:355} ERROR - Failed to import: /opt/airflow/dags/extract_data.py
Traceback (most recent call last):
  File "/home/airflow/.local/lib/python3.10/site-packages/airflow/models/dagbag.py", line 351, in parse
    loader.exec_module(new_module)
  File "<frozen importlib._bootstrap_external>", line 883, in exec_module
  File "<frozen importlib._bootstrap>", line 241, in _call_with_frames_removed
  File "/opt/airflow/dags/extract_data.py", line 4, in <module>
    from airflow.providers.standard.operators.python import PythonOperator
ModuleNotFoundError: No module named 'airflow.providers.standard'
[2026-04-08T18:43:48.713+0000] {processor.py:842} WARNING - No viable dags retrieved from /opt/airflow/dags/extract_data.py
[2026-04-08T18:43:48.727+0000] {processor.py:183} INFO - Processing /opt/airflow/dags/extract_data.py took 0.030 seconds
[2026-04-08T18:43:51.741+0000] {processor.py:161} INFO - Started process (PID=415) to work on /opt/airflow/dags/extract_data.py
[2026-04-08T18:43:51.742+0000] {processor.py:830} INFO - Processing file /opt/airflow/dags/extract_data.py for tasks to queue
[2026-04-08T18:43:51.743+0000] {logging_mixin.py:188} INFO - [2026-04-08T18:43:51.743+0000] {dagbag.py:545} INFO - Filling up the DagBag from /opt/airflow/dags/extract_data.py
[2026-04-08T18:43:51.746+0000] {logging_mixin.py:188} INFO - [2026-04-08T18:43:51.746+0000] {dagbag.py:355} ERROR - Failed to import: /opt/airflow/dags/extract_data.py
Traceback (most recent call last):
  File "/home/airflow/.local/lib/python3.10/site-packages/airflow/models/dagbag.py", line 351, in parse
    loader.exec_module(new_module)
  File "<frozen importlib._bootstrap_external>", line 883, in exec_module
  File "<frozen importlib._bootstrap>", line 241, in _call_with_frames_removed
  File "/opt/airflow/dags/extract_data.py", line 4, in <module>
    from airflow.providers.standard.operators.python import PythonOperator
ModuleNotFoundError: No module named 'airflow.providers.standard'
[2026-04-08T18:43:51.747+0000] {processor.py:842} WARNING - No viable dags retrieved from /opt/airflow/dags/extract_data.py
[2026-04-08T18:43:51.758+0000] {processor.py:183} INFO - Processing /opt/airflow/dags/extract_data.py took 0.022 seconds
[2026-04-08T18:44:22.179+0000] {processor.py:161} INFO - Started process (PID=426) to work on /opt/airflow/dags/extract_data.py
[2026-04-08T18:44:22.182+0000] {processor.py:830} INFO - Processing file /opt/airflow/dags/extract_data.py for tasks to queue
[2026-04-08T18:44:22.184+0000] {logging_mixin.py:188} INFO - [2026-04-08T18:44:22.184+0000] {dagbag.py:545} INFO - Filling up the DagBag from /opt/airflow/dags/extract_data.py
[2026-04-08T18:44:22.188+0000] {logging_mixin.py:188} INFO - [2026-04-08T18:44:22.187+0000] {dagbag.py:355} ERROR - Failed to import: /opt/airflow/dags/extract_data.py
Traceback (most recent call last):
  File "/home/airflow/.local/lib/python3.10/site-packages/airflow/models/dagbag.py", line 351, in parse
    loader.exec_module(new_module)
  File "<frozen importlib._bootstrap_external>", line 883, in exec_module
  File "<frozen importlib._bootstrap>", line 241, in _call_with_frames_removed
  File "/opt/airflow/dags/extract_data.py", line 4, in <module>
    from airflow.providers.standard.operators.python import PythonOperator
ModuleNotFoundError: No module named 'airflow.providers.standard'
[2026-04-08T18:44:22.188+0000] {processor.py:842} WARNING - No viable dags retrieved from /opt/airflow/dags/extract_data.py
[2026-04-08T18:44:22.207+0000] {processor.py:183} INFO - Processing /opt/airflow/dags/extract_data.py took 0.040 seconds
[2026-04-08T18:44:52.501+0000] {processor.py:161} INFO - Started process (PID=437) to work on /opt/airflow/dags/extract_data.py
[2026-04-08T18:44:52.502+0000] {processor.py:830} INFO - Processing file /opt/airflow/dags/extract_data.py for tasks to queue
[2026-04-08T18:44:52.503+0000] {logging_mixin.py:188} INFO - [2026-04-08T18:44:52.503+0000] {dagbag.py:545} INFO - Filling up the DagBag from /opt/airflow/dags/extract_data.py
[2026-04-08T18:44:52.507+0000] {logging_mixin.py:188} INFO - [2026-04-08T18:44:52.506+0000] {dagbag.py:355} ERROR - Failed to import: /opt/airflow/dags/extract_data.py
Traceback (most recent call last):
  File "/home/airflow/.local/lib/python3.10/site-packages/airflow/models/dagbag.py", line 351, in parse
    loader.exec_module(new_module)
  File "<frozen importlib._bootstrap_external>", line 883, in exec_module
  File "<frozen importlib._bootstrap>", line 241, in _call_with_frames_removed
  File "/opt/airflow/dags/extract_data.py", line 4, in <module>
    from airflow.providers.standard.operators.python import PythonOperator
ModuleNotFoundError: No module named 'airflow.providers.standard'
[2026-04-08T18:44:52.507+0000] {processor.py:842} WARNING - No viable dags retrieved from /opt/airflow/dags/extract_data.py
[2026-04-08T18:44:52.521+0000] {processor.py:183} INFO - Processing /opt/airflow/dags/extract_data.py took 0.027 seconds
[2026-04-08T18:45:23.009+0000] {processor.py:161} INFO - Started process (PID=448) to work on /opt/airflow/dags/extract_data.py
[2026-04-08T18:45:23.010+0000] {processor.py:830} INFO - Processing file /opt/airflow/dags/extract_data.py for tasks to queue
[2026-04-08T18:45:23.012+0000] {logging_mixin.py:188} INFO - [2026-04-08T18:45:23.011+0000] {dagbag.py:545} INFO - Filling up the DagBag from /opt/airflow/dags/extract_data.py
[2026-04-08T18:45:23.015+0000] {logging_mixin.py:188} INFO - [2026-04-08T18:45:23.015+0000] {dagbag.py:355} ERROR - Failed to import: /opt/airflow/dags/extract_data.py
Traceback (most recent call last):
  File "/home/airflow/.local/lib/python3.10/site-packages/airflow/models/dagbag.py", line 351, in parse
    loader.exec_module(new_module)
  File "<frozen importlib._bootstrap_external>", line 883, in exec_module
  File "<frozen importlib._bootstrap>", line 241, in _call_with_frames_removed
  File "/opt/airflow/dags/extract_data.py", line 4, in <module>
    from airflow.providers.standard.operators.python import PythonOperator
ModuleNotFoundError: No module named 'airflow.providers.standard'
[2026-04-08T18:45:23.016+0000] {processor.py:842} WARNING - No viable dags retrieved from /opt/airflow/dags/extract_data.py
[2026-04-08T18:45:23.029+0000] {processor.py:183} INFO - Processing /opt/airflow/dags/extract_data.py took 0.025 seconds
[2026-04-08T18:45:53.320+0000] {processor.py:161} INFO - Started process (PID=459) to work on /opt/airflow/dags/extract_data.py
[2026-04-08T18:45:53.322+0000] {processor.py:830} INFO - Processing file /opt/airflow/dags/extract_data.py for tasks to queue
[2026-04-08T18:45:53.325+0000] {logging_mixin.py:188} INFO - [2026-04-08T18:45:53.325+0000] {dagbag.py:545} INFO - Filling up the DagBag from /opt/airflow/dags/extract_data.py
[2026-04-08T18:45:53.329+0000] {logging_mixin.py:188} INFO - [2026-04-08T18:45:53.328+0000] {dagbag.py:355} ERROR - Failed to import: /opt/airflow/dags/extract_data.py
Traceback (most recent call last):
  File "/home/airflow/.local/lib/python3.10/site-packages/airflow/models/dagbag.py", line 351, in parse
    loader.exec_module(new_module)
  File "<frozen importlib._bootstrap_external>", line 883, in exec_module
  File "<frozen importlib._bootstrap>", line 241, in _call_with_frames_removed
  File "/opt/airflow/dags/extract_data.py", line 4, in <module>
    from airflow.providers.standard.operators.python import PythonOperator
ModuleNotFoundError: No module named 'airflow.providers.standard'
[2026-04-08T18:45:53.329+0000] {processor.py:842} WARNING - No viable dags retrieved from /opt/airflow/dags/extract_data.py
[2026-04-08T18:45:53.346+0000] {processor.py:183} INFO - Processing /opt/airflow/dags/extract_data.py took 0.034 seconds
[2026-04-08T19:01:26.750+0000] {processor.py:161} INFO - Started process (PID=470) to work on /opt/airflow/dags/extract_data.py
[2026-04-08T19:01:26.751+0000] {processor.py:830} INFO - Processing file /opt/airflow/dags/extract_data.py for tasks to queue
[2026-04-08T19:01:26.754+0000] {logging_mixin.py:188} INFO - [2026-04-08T19:01:26.754+0000] {dagbag.py:545} INFO - Filling up the DagBag from /opt/airflow/dags/extract_data.py
[2026-04-08T19:01:26.757+0000] {logging_mixin.py:188} INFO - [2026-04-08T19:01:26.757+0000] {dagbag.py:355} ERROR - Failed to import: /opt/airflow/dags/extract_data.py
Traceback (most recent call last):
  File "/home/airflow/.local/lib/python3.10/site-packages/airflow/models/dagbag.py", line 351, in parse
    loader.exec_module(new_module)
  File "<frozen importlib._bootstrap_external>", line 883, in exec_module
  File "<frozen importlib._bootstrap>", line 241, in _call_with_frames_removed
  File "/opt/airflow/dags/extract_data.py", line 4, in <module>
    from airflow.providers.standard.operators.python import PythonOperator
ModuleNotFoundError: No module named 'airflow.providers.standard'
[2026-04-08T19:01:26.758+0000] {processor.py:842} WARNING - No viable dags retrieved from /opt/airflow/dags/extract_data.py
[2026-04-08T19:01:26.770+0000] {processor.py:183} INFO - Processing /opt/airflow/dags/extract_data.py took 0.026 seconds
[2026-04-08T19:01:57.071+0000] {processor.py:161} INFO - Started process (PID=481) to work on /opt/airflow/dags/extract_data.py
[2026-04-08T19:01:57.073+0000] {processor.py:830} INFO - Processing file /opt/airflow/dags/extract_data.py for tasks to queue
[2026-04-08T19:01:57.075+0000] {logging_mixin.py:188} INFO - [2026-04-08T19:01:57.075+0000] {dagbag.py:545} INFO - Filling up the DagBag from /opt/airflow/dags/extract_data.py
[2026-04-08T19:01:57.078+0000] {logging_mixin.py:188} INFO - [2026-04-08T19:01:57.078+0000] {dagbag.py:355} ERROR - Failed to import: /opt/airflow/dags/extract_data.py
Traceback (most recent call last):
  File "/home/airflow/.local/lib/python3.10/site-packages/airflow/models/dagbag.py", line 351, in parse
    loader.exec_module(new_module)
  File "<frozen importlib._bootstrap_external>", line 883, in exec_module
  File "<frozen importlib._bootstrap>", line 241, in _call_with_frames_removed
  File "/opt/airflow/dags/extract_data.py", line 4, in <module>
    from airflow.providers.standard.operators.python import PythonOperator
ModuleNotFoundError: No module named 'airflow.providers.standard'
[2026-04-08T19:01:57.079+0000] {processor.py:842} WARNING - No viable dags retrieved from /opt/airflow/dags/extract_data.py
[2026-04-08T19:01:57.095+0000] {processor.py:183} INFO - Processing /opt/airflow/dags/extract_data.py took 0.031 seconds
[2026-04-08T19:10:28.630+0000] {processor.py:161} INFO - Started process (PID=492) to work on /opt/airflow/dags/extract_data.py
[2026-04-08T19:10:28.631+0000] {processor.py:830} INFO - Processing file /opt/airflow/dags/extract_data.py for tasks to queue
[2026-04-08T19:10:28.633+0000] {logging_mixin.py:188} INFO - [2026-04-08T19:10:28.632+0000] {dagbag.py:545} INFO - Filling up the DagBag from /opt/airflow/dags/extract_data.py
[2026-04-08T19:10:28.637+0000] {logging_mixin.py:188} INFO - [2026-04-08T19:10:28.635+0000] {dagbag.py:355} ERROR - Failed to import: /opt/airflow/dags/extract_data.py
Traceback (most recent call last):
  File "/home/airflow/.local/lib/python3.10/site-packages/airflow/models/dagbag.py", line 351, in parse
    loader.exec_module(new_module)
  File "<frozen importlib._bootstrap_external>", line 883, in exec_module
  File "<frozen importlib._bootstrap>", line 241, in _call_with_frames_removed
  File "/opt/airflow/dags/extract_data.py", line 4, in <module>
    from airflow.providers.standard.operators.python import PythonOperator
ModuleNotFoundError: No module named 'airflow.providers.standard'
[2026-04-08T19:10:28.637+0000] {processor.py:842} WARNING - No viable dags retrieved from /opt/airflow/dags/extract_data.py
[2026-04-08T19:10:28.649+0000] {processor.py:183} INFO - Processing /opt/airflow/dags/extract_data.py took 0.025 seconds
[2026-04-08T20:01:07.791+0000] {processor.py:161} INFO - Started process (PID=504) to work on /opt/airflow/dags/extract_data.py
[2026-04-08T20:01:07.792+0000] {processor.py:830} INFO - Processing file /opt/airflow/dags/extract_data.py for tasks to queue
[2026-04-08T20:01:07.793+0000] {logging_mixin.py:188} INFO - [2026-04-08T20:01:07.793+0000] {dagbag.py:545} INFO - Filling up the DagBag from /opt/airflow/dags/extract_data.py
[2026-04-08T20:01:07.795+0000] {logging_mixin.py:188} INFO - [2026-04-08T20:01:07.795+0000] {dagbag.py:355} ERROR - Failed to import: /opt/airflow/dags/extract_data.py
Traceback (most recent call last):
  File "/home/airflow/.local/lib/python3.10/site-packages/airflow/models/dagbag.py", line 351, in parse
    loader.exec_module(new_module)
  File "<frozen importlib._bootstrap_external>", line 883, in exec_module
  File "<frozen importlib._bootstrap>", line 241, in _call_with_frames_removed
  File "/opt/airflow/dags/extract_data.py", line 4, in <module>
    from airflow.providers.standard.operators.python import PythonOperator
ModuleNotFoundError: No module named 'airflow.providers.standard'
[2026-04-08T20:01:07.796+0000] {processor.py:842} WARNING - No viable dags retrieved from /opt/airflow/dags/extract_data.py
[2026-04-08T20:01:07.806+0000] {processor.py:183} INFO - Processing /opt/airflow/dags/extract_data.py took 0.019 seconds
[2026-04-08T20:46:57.373+0000] {processor.py:161} INFO - Started process (PID=515) to work on /opt/airflow/dags/extract_data.py
[2026-04-08T20:46:57.374+0000] {processor.py:830} INFO - Processing file /opt/airflow/dags/extract_data.py for tasks to queue
[2026-04-08T20:46:57.377+0000] {logging_mixin.py:188} INFO - [2026-04-08T20:46:57.376+0000] {dagbag.py:545} INFO - Filling up the DagBag from /opt/airflow/dags/extract_data.py
[2026-04-08T20:46:57.380+0000] {logging_mixin.py:188} INFO - [2026-04-08T20:46:57.379+0000] {dagbag.py:355} ERROR - Failed to import: /opt/airflow/dags/extract_data.py
Traceback (most recent call last):
  File "/home/airflow/.local/lib/python3.10/site-packages/airflow/models/dagbag.py", line 351, in parse
    loader.exec_module(new_module)
  File "<frozen importlib._bootstrap_external>", line 883, in exec_module
  File "<frozen importlib._bootstrap>", line 241, in _call_with_frames_removed
  File "/opt/airflow/dags/extract_data.py", line 4, in <module>
    from airflow.providers.standard.operators.python import PythonOperator
ModuleNotFoundError: No module named 'airflow.providers.standard'
[2026-04-08T20:46:57.380+0000] {processor.py:842} WARNING - No viable dags retrieved from /opt/airflow/dags/extract_data.py
[2026-04-08T20:46:57.395+0000] {processor.py:183} INFO - Processing /opt/airflow/dags/extract_data.py took 0.030 seconds
[2026-04-08T20:47:27.637+0000] {processor.py:161} INFO - Started process (PID=526) to work on /opt/airflow/dags/extract_data.py
[2026-04-08T20:47:27.638+0000] {processor.py:830} INFO - Processing file /opt/airflow/dags/extract_data.py for tasks to queue
[2026-04-08T20:47:27.640+0000] {logging_mixin.py:188} INFO - [2026-04-08T20:47:27.639+0000] {dagbag.py:545} INFO - Filling up the DagBag from /opt/airflow/dags/extract_data.py
[2026-04-08T20:47:27.643+0000] {logging_mixin.py:188} INFO - [2026-04-08T20:47:27.643+0000] {dagbag.py:355} ERROR - Failed to import: /opt/airflow/dags/extract_data.py
Traceback (most recent call last):
  File "/home/airflow/.local/lib/python3.10/site-packages/airflow/models/dagbag.py", line 351, in parse
    loader.exec_module(new_module)
  File "<frozen importlib._bootstrap_external>", line 883, in exec_module
  File "<frozen importlib._bootstrap>", line 241, in _call_with_frames_removed
  File "/opt/airflow/dags/extract_data.py", line 4, in <module>
    from airflow.providers.standard.operators.python import PythonOperator
ModuleNotFoundError: No module named 'airflow.providers.standard'
[2026-04-08T20:47:27.643+0000] {processor.py:842} WARNING - No viable dags retrieved from /opt/airflow/dags/extract_data.py
[2026-04-08T20:47:27.657+0000] {processor.py:183} INFO - Processing /opt/airflow/dags/extract_data.py took 0.027 seconds
[2026-04-08T21:21:08.918+0000] {processor.py:161} INFO - Started process (PID=537) to work on /opt/airflow/dags/extract_data.py
[2026-04-08T21:21:08.919+0000] {processor.py:830} INFO - Processing file /opt/airflow/dags/extract_data.py for tasks to queue
[2026-04-08T21:21:08.921+0000] {logging_mixin.py:188} INFO - [2026-04-08T21:21:08.920+0000] {dagbag.py:545} INFO - Filling up the DagBag from /opt/airflow/dags/extract_data.py
[2026-04-08T21:21:08.924+0000] {logging_mixin.py:188} INFO - [2026-04-08T21:21:08.923+0000] {dagbag.py:355} ERROR - Failed to import: /opt/airflow/dags/extract_data.py
Traceback (most recent call last):
  File "/home/airflow/.local/lib/python3.10/site-packages/airflow/models/dagbag.py", line 351, in parse
    loader.exec_module(new_module)
  File "<frozen importlib._bootstrap_external>", line 883, in exec_module
  File "<frozen importlib._bootstrap>", line 241, in _call_with_frames_removed
  File "/opt/airflow/dags/extract_data.py", line 4, in <module>
    from airflow.providers.standard.operators.python import PythonOperator
ModuleNotFoundError: No module named 'airflow.providers.standard'
[2026-04-08T21:21:08.924+0000] {processor.py:842} WARNING - No viable dags retrieved from /opt/airflow/dags/extract_data.py
[2026-04-08T21:21:08.934+0000] {processor.py:183} INFO - Processing /opt/airflow/dags/extract_data.py took 0.020 seconds
[2026-04-08T21:39:31.897+0000] {processor.py:161} INFO - Started process (PID=548) to work on /opt/airflow/dags/extract_data.py
[2026-04-08T21:39:31.898+0000] {processor.py:830} INFO - Processing file /opt/airflow/dags/extract_data.py for tasks to queue
[2026-04-08T21:39:31.899+0000] {logging_mixin.py:188} INFO - [2026-04-08T21:39:31.899+0000] {dagbag.py:545} INFO - Filling up the DagBag from /opt/airflow/dags/extract_data.py
[2026-04-08T21:39:31.901+0000] {logging_mixin.py:188} INFO - [2026-04-08T21:39:31.901+0000] {dagbag.py:355} ERROR - Failed to import: /opt/airflow/dags/extract_data.py
Traceback (most recent call last):
  File "/home/airflow/.local/lib/python3.10/site-packages/airflow/models/dagbag.py", line 351, in parse
    loader.exec_module(new_module)
  File "<frozen importlib._bootstrap_external>", line 883, in exec_module
  File "<frozen importlib._bootstrap>", line 241, in _call_with_frames_removed
  File "/opt/airflow/dags/extract_data.py", line 4, in <module>
    from airflow.providers.standard.operators.python import PythonOperator
ModuleNotFoundError: No module named 'airflow.providers.standard'
[2026-04-08T21:39:31.902+0000] {processor.py:842} WARNING - No viable dags retrieved from /opt/airflow/dags/extract_data.py
[2026-04-08T21:39:31.912+0000] {processor.py:183} INFO - Processing /opt/airflow/dags/extract_data.py took 0.019 seconds
[2026-04-08T21:48:12.902+0000] {processor.py:161} INFO - Started process (PID=560) to work on /opt/airflow/dags/extract_data.py
[2026-04-08T21:48:12.903+0000] {processor.py:830} INFO - Processing file /opt/airflow/dags/extract_data.py for tasks to queue
[2026-04-08T21:48:12.904+0000] {logging_mixin.py:188} INFO - [2026-04-08T21:48:12.904+0000] {dagbag.py:545} INFO - Filling up the DagBag from /opt/airflow/dags/extract_data.py
[2026-04-08T21:48:12.906+0000] {logging_mixin.py:188} INFO - [2026-04-08T21:48:12.905+0000] {dagbag.py:355} ERROR - Failed to import: /opt/airflow/dags/extract_data.py
Traceback (most recent call last):
  File "/home/airflow/.local/lib/python3.10/site-packages/airflow/models/dagbag.py", line 351, in parse
    loader.exec_module(new_module)
  File "<frozen importlib._bootstrap_external>", line 883, in exec_module
  File "<frozen importlib._bootstrap>", line 241, in _call_with_frames_removed
  File "/opt/airflow/dags/extract_data.py", line 4, in <module>
    from airflow.providers.standard.operators.python import PythonOperator
ModuleNotFoundError: No module named 'airflow.providers.standard'
[2026-04-08T21:48:12.906+0000] {processor.py:842} WARNING - No viable dags retrieved from /opt/airflow/dags/extract_data.py
[2026-04-08T21:48:12.915+0000] {processor.py:183} INFO - Processing /opt/airflow/dags/extract_data.py took 0.017 seconds
[2026-04-08T22:39:43.795+0000] {processor.py:161} INFO - Started process (PID=571) to work on /opt/airflow/dags/extract_data.py
[2026-04-08T22:39:43.796+0000] {processor.py:830} INFO - Processing file /opt/airflow/dags/extract_data.py for tasks to queue
[2026-04-08T22:39:43.798+0000] {logging_mixin.py:188} INFO - [2026-04-08T22:39:43.797+0000] {dagbag.py:545} INFO - Filling up the DagBag from /opt/airflow/dags/extract_data.py
[2026-04-08T22:39:43.801+0000] {logging_mixin.py:188} INFO - [2026-04-08T22:39:43.800+0000] {dagbag.py:355} ERROR - Failed to import: /opt/airflow/dags/extract_data.py
Traceback (most recent call last):
  File "/home/airflow/.local/lib/python3.10/site-packages/airflow/models/dagbag.py", line 351, in parse
    loader.exec_module(new_module)
  File "<frozen importlib._bootstrap_external>", line 883, in exec_module
  File "<frozen importlib._bootstrap>", line 241, in _call_with_frames_removed
  File "/opt/airflow/dags/extract_data.py", line 4, in <module>
    from airflow.providers.standard.operators.python import PythonOperator
ModuleNotFoundError: No module named 'airflow.providers.standard'
[2026-04-08T22:39:43.801+0000] {processor.py:842} WARNING - No viable dags retrieved from /opt/airflow/dags/extract_data.py
[2026-04-08T22:39:43.816+0000] {processor.py:183} INFO - Processing /opt/airflow/dags/extract_data.py took 0.025 seconds
[2026-04-08T22:49:09.826+0000] {processor.py:161} INFO - Started process (PID=582) to work on /opt/airflow/dags/extract_data.py
[2026-04-08T22:49:09.827+0000] {processor.py:830} INFO - Processing file /opt/airflow/dags/extract_data.py for tasks to queue
[2026-04-08T22:49:09.829+0000] {logging_mixin.py:188} INFO - [2026-04-08T22:49:09.828+0000] {dagbag.py:545} INFO - Filling up the DagBag from /opt/airflow/dags/extract_data.py
[2026-04-08T22:49:09.832+0000] {logging_mixin.py:188} INFO - [2026-04-08T22:49:09.831+0000] {dagbag.py:355} ERROR - Failed to import: /opt/airflow/dags/extract_data.py
Traceback (most recent call last):
  File "/home/airflow/.local/lib/python3.10/site-packages/airflow/models/dagbag.py", line 351, in parse
    loader.exec_module(new_module)
  File "<frozen importlib._bootstrap_external>", line 883, in exec_module
  File "<frozen importlib._bootstrap>", line 241, in _call_with_frames_removed
  File "/opt/airflow/dags/extract_data.py", line 4, in <module>
    from airflow.providers.standard.operators.python import PythonOperator
ModuleNotFoundError: No module named 'airflow.providers.standard'
[2026-04-08T22:49:09.832+0000] {processor.py:842} WARNING - No viable dags retrieved from /opt/airflow/dags/extract_data.py
[2026-04-08T22:49:09.844+0000] {processor.py:183} INFO - Processing /opt/airflow/dags/extract_data.py took 0.023 seconds
[2026-04-08T23:22:14.883+0000] {processor.py:161} INFO - Started process (PID=593) to work on /opt/airflow/dags/extract_data.py
[2026-04-08T23:22:14.886+0000] {processor.py:830} INFO - Processing file /opt/airflow/dags/extract_data.py for tasks to queue
[2026-04-08T23:22:14.889+0000] {logging_mixin.py:188} INFO - [2026-04-08T23:22:14.889+0000] {dagbag.py:545} INFO - Filling up the DagBag from /opt/airflow/dags/extract_data.py
[2026-04-08T23:22:14.893+0000] {logging_mixin.py:188} INFO - [2026-04-08T23:22:14.893+0000] {dagbag.py:355} ERROR - Failed to import: /opt/airflow/dags/extract_data.py
Traceback (most recent call last):
  File "/home/airflow/.local/lib/python3.10/site-packages/airflow/models/dagbag.py", line 351, in parse
    loader.exec_module(new_module)
  File "<frozen importlib._bootstrap_external>", line 883, in exec_module
  File "<frozen importlib._bootstrap>", line 241, in _call_with_frames_removed
  File "/opt/airflow/dags/extract_data.py", line 4, in <module>
    from airflow.providers.standard.operators.python import PythonOperator
ModuleNotFoundError: No module named 'airflow.providers.standard'
[2026-04-08T23:22:14.893+0000] {processor.py:842} WARNING - No viable dags retrieved from /opt/airflow/dags/extract_data.py
[2026-04-08T23:22:14.912+0000] {processor.py:183} INFO - Processing /opt/airflow/dags/extract_data.py took 0.036 seconds
[2026-04-08T23:50:06.612+0000] {processor.py:161} INFO - Started process (PID=604) to work on /opt/airflow/dags/extract_data.py
[2026-04-08T23:50:06.613+0000] {processor.py:830} INFO - Processing file /opt/airflow/dags/extract_data.py for tasks to queue
[2026-04-08T23:50:06.615+0000] {logging_mixin.py:188} INFO - [2026-04-08T23:50:06.614+0000] {dagbag.py:545} INFO - Filling up the DagBag from /opt/airflow/dags/extract_data.py
[2026-04-08T23:50:06.618+0000] {logging_mixin.py:188} INFO - [2026-04-08T23:50:06.617+0000] {dagbag.py:355} ERROR - Failed to import: /opt/airflow/dags/extract_data.py
Traceback (most recent call last):
  File "/home/airflow/.local/lib/python3.10/site-packages/airflow/models/dagbag.py", line 351, in parse
    loader.exec_module(new_module)
  File "<frozen importlib._bootstrap_external>", line 883, in exec_module
  File "<frozen importlib._bootstrap>", line 241, in _call_with_frames_removed
  File "/opt/airflow/dags/extract_data.py", line 4, in <module>
    from airflow.providers.standard.operators.python import PythonOperator
ModuleNotFoundError: No module named 'airflow.providers.standard'
[2026-04-08T23:50:06.618+0000] {processor.py:842} WARNING - No viable dags retrieved from /opt/airflow/dags/extract_data.py
[2026-04-08T23:50:06.632+0000] {processor.py:183} INFO - Processing /opt/airflow/dags/extract_data.py took 0.026 seconds
