[2026-04-10T04:25:49.563+0000] {local_task_job_runner.py:120} INFO - ::group::Pre task execution logs
[2026-04-10T04:25:49.591+0000] {taskinstance.py:2076} INFO - Dependencies all met for dep_context=non-requeueable deps ti=<TaskInstance: e_commerce_dw_etl.transform.transform_dim_payments manual__2026-04-10T04:25:25+00:00 [queued]>
[2026-04-10T04:25:49.598+0000] {taskinstance.py:2076} INFO - Dependencies all met for dep_context=requeueable deps ti=<TaskInstance: e_commerce_dw_etl.transform.transform_dim_payments manual__2026-04-10T04:25:25+00:00 [queued]>
[2026-04-10T04:25:49.598+0000] {taskinstance.py:2306} INFO - Starting attempt 1 of 3
[2026-04-10T04:25:49.607+0000] {taskinstance.py:2330} INFO - Executing <Task(PythonOperator): transform.transform_dim_payments> on 2026-04-10 04:25:25+00:00
[2026-04-10T04:25:49.612+0000] {standard_task_runner.py:63} INFO - Started process 192 to run task
[2026-04-10T04:25:49.615+0000] {standard_task_runner.py:90} INFO - Running: ['***', 'tasks', 'run', 'e_commerce_dw_etl', 'transform.transform_dim_payments', 'manual__2026-04-10T04:25:25+00:00', '--job-id', '705', '--raw', '--subdir', 'DAGS_FOLDER/e_commerce_dw_dag.py', '--cfg-path', '/tmp/tmpgvgzifat']
[2026-04-10T04:25:49.618+0000] {standard_task_runner.py:91} INFO - Job 705: Subtask transform.transform_dim_payments
[2026-04-10T04:25:49.661+0000] {task_command.py:426} INFO - Running <TaskInstance: e_commerce_dw_etl.transform.transform_dim_payments manual__2026-04-10T04:25:25+00:00 [running]> on host 91966b1ada42
[2026-04-10T04:25:49.740+0000] {taskinstance.py:2648} INFO - Exporting env vars: AIRFLOW_CTX_DAG_OWNER='***' AIRFLOW_CTX_DAG_ID='e_commerce_dw_etl' AIRFLOW_CTX_TASK_ID='transform.transform_dim_payments' AIRFLOW_CTX_EXECUTION_DATE='2026-04-10T04:25:25+00:00' AIRFLOW_CTX_TRY_NUMBER='1' AIRFLOW_CTX_DAG_RUN_ID='manual__2026-04-10T04:25:25+00:00'
[2026-04-10T04:25:49.742+0000] {taskinstance.py:430} INFO - ::endgroup::
[2026-04-10T04:25:49.771+0000] {base.py:84} INFO - Using connection ID 'postgres' for task execution.
[2026-04-10T04:25:49.778+0000] {logging_mixin.py:188} WARNING - /home/***/.local/lib/python3.10/site-packages/***/providers/common/sql/hooks/sql.py:263 UserWarning: pandas only supports SQLAlchemy connectable (engine/connection) or database string URI or sqlite3 DBAPI2 connection. Other DBAPI2 objects are not tested. Please consider using SQLAlchemy.
[2026-04-10T04:25:50.032+0000] {base.py:84} INFO - Using connection ID 'postgres' for task execution.
[2026-04-10T04:25:52.311+0000] {logging_mixin.py:188} INFO - Đã transform và lưu dữ liệu vào dim_payments
[2026-04-10T04:25:52.316+0000] {python.py:237} INFO - Done. Returned value was: None
[2026-04-10T04:25:52.318+0000] {taskinstance.py:441} INFO - ::group::Post task execution logs
[2026-04-10T04:25:52.333+0000] {taskinstance.py:1206} INFO - Marking task as SUCCESS. dag_id=e_commerce_dw_etl, task_id=transform.transform_dim_payments, run_id=manual__2026-04-10T04:25:25+00:00, execution_date=20260410T042525, start_date=20260410T042549, end_date=20260410T042552
[2026-04-10T04:25:52.381+0000] {local_task_job_runner.py:240} INFO - Task exited with return code 0
[2026-04-10T04:25:52.406+0000] {taskinstance.py:3503} INFO - 0 downstream tasks scheduled from follow-on schedule check
[2026-04-10T04:25:52.409+0000] {local_task_job_runner.py:222} INFO - ::endgroup::
