[2026-04-12T00:18:40.741+0000] {local_task_job_runner.py:120} INFO - ::group::Pre task execution logs
[2026-04-12T00:18:40.802+0000] {taskinstance.py:2076} INFO - Dependencies all met for dep_context=non-requeueable deps ti=<TaskInstance: e_commerce_dw_etl.extract.extract_and_load_to_staging scheduled__2026-04-11T00:00:00+00:00 [queued]>
[2026-04-12T00:18:40.806+0000] {taskinstance.py:2076} INFO - Dependencies all met for dep_context=requeueable deps ti=<TaskInstance: e_commerce_dw_etl.extract.extract_and_load_to_staging scheduled__2026-04-11T00:00:00+00:00 [queued]>
[2026-04-12T00:18:40.806+0000] {taskinstance.py:2306} INFO - Starting attempt 1 of 3
[2026-04-12T00:18:40.814+0000] {taskinstance.py:2330} INFO - Executing <Task(PythonOperator): extract.extract_and_load_to_staging> on 2026-04-11 00:00:00+00:00
[2026-04-12T00:18:40.816+0000] {standard_task_runner.py:63} INFO - Started process 15849 to run task
[2026-04-12T00:18:40.818+0000] {standard_task_runner.py:90} INFO - Running: ['***', 'tasks', 'run', 'e_commerce_dw_etl', 'extract.extract_and_load_to_staging', 'scheduled__2026-04-11T00:00:00+00:00', '--job-id', '739', '--raw', '--subdir', 'DAGS_FOLDER/e_commerce_dw_dag.py', '--cfg-path', '/tmp/tmpgcfbkgjv']
[2026-04-12T00:18:40.820+0000] {standard_task_runner.py:91} INFO - Job 739: Subtask extract.extract_and_load_to_staging
[2026-04-12T00:18:40.845+0000] {task_command.py:426} INFO - Running <TaskInstance: e_commerce_dw_etl.extract.extract_and_load_to_staging scheduled__2026-04-11T00:00:00+00:00 [running]> on host 91966b1ada42
[2026-04-12T00:18:40.897+0000] {taskinstance.py:2648} INFO - Exporting env vars: AIRFLOW_CTX_DAG_OWNER='***' AIRFLOW_CTX_DAG_ID='e_commerce_dw_etl' AIRFLOW_CTX_TASK_ID='extract.extract_and_load_to_staging' AIRFLOW_CTX_EXECUTION_DATE='2026-04-11T00:00:00+00:00' AIRFLOW_CTX_TRY_NUMBER='1' AIRFLOW_CTX_DAG_RUN_ID='scheduled__2026-04-11T00:00:00+00:00'
[2026-04-12T00:18:40.898+0000] {taskinstance.py:430} INFO - ::endgroup::
[2026-04-12T00:18:40.925+0000] {base.py:84} INFO - Using connection ID 'mysql' for task execution.
[2026-04-12T00:18:41.002+0000] {mysql_operator.py:28} INFO - Successfully connected to mysql database
[2026-04-12T00:18:41.005+0000] {base.py:84} INFO - Using connection ID 'postgres' for task execution.
[2026-04-12T00:18:41.007+0000] {sql.py:487} INFO - Running statement: CREATE SCHEMA IF NOT EXISTS staging;, parameters: None
[2026-04-12T00:18:41.011+0000] {base.py:84} INFO - Using connection ID 'postgres' for task execution.
[2026-04-12T00:18:41.014+0000] {sql.py:487} INFO - Running statement: CREATE SCHEMA IF NOT EXISTS warehouse;, parameters: None
[2026-04-12T00:18:41.020+0000] {base.py:84} INFO - Using connection ID 'mysql' for task execution.
[2026-04-12T00:18:41.043+0000] {logging_mixin.py:188} WARNING - /home/***/.local/lib/python3.10/site-packages/***/providers/common/sql/hooks/sql.py:263 UserWarning: pandas only supports SQLAlchemy connectable (engine/connection) or database string URI or sqlite3 DBAPI2 connection. Other DBAPI2 objects are not tested. Please consider using SQLAlchemy.
[2026-04-12T00:18:41.112+0000] {base.py:84} INFO - Using connection ID 'postgres' for task execution.
[2026-04-12T00:18:41.165+0000] {logging_mixin.py:188} INFO - Da trich xuat va luu bang product_category_name_translation tu MySQL vao PostgreSQL schema staging
[2026-04-12T00:18:41.168+0000] {base.py:84} INFO - Using connection ID 'mysql' for task execution.
[2026-04-12T00:18:41.171+0000] {logging_mixin.py:188} WARNING - /home/***/.local/lib/python3.10/site-packages/***/providers/common/sql/hooks/sql.py:263 UserWarning: pandas only supports SQLAlchemy connectable (engine/connection) or database string URI or sqlite3 DBAPI2 connection. Other DBAPI2 objects are not tested. Please consider using SQLAlchemy.
[2026-04-12T00:18:45.324+0000] {base.py:84} INFO - Using connection ID 'postgres' for task execution.
[2026-04-12T00:19:08.415+0000] {logging_mixin.py:188} INFO - Da trich xuat va luu bang geolocation tu MySQL vao PostgreSQL schema staging
[2026-04-12T00:19:08.421+0000] {base.py:84} INFO - Using connection ID 'mysql' for task execution.
[2026-04-12T00:19:08.426+0000] {logging_mixin.py:188} WARNING - /home/***/.local/lib/python3.10/site-packages/***/providers/common/sql/hooks/sql.py:263 UserWarning: pandas only supports SQLAlchemy connectable (engine/connection) or database string URI or sqlite3 DBAPI2 connection. Other DBAPI2 objects are not tested. Please consider using SQLAlchemy.
[2026-04-12T00:19:08.488+0000] {base.py:84} INFO - Using connection ID 'postgres' for task execution.
[2026-04-12T00:19:08.560+0000] {logging_mixin.py:188} INFO - Da trich xuat va luu bang sellers tu MySQL vao PostgreSQL schema staging
[2026-04-12T00:19:08.563+0000] {base.py:84} INFO - Using connection ID 'mysql' for task execution.
[2026-04-12T00:19:08.566+0000] {logging_mixin.py:188} WARNING - /home/***/.local/lib/python3.10/site-packages/***/providers/common/sql/hooks/sql.py:263 UserWarning: pandas only supports SQLAlchemy connectable (engine/connection) or database string URI or sqlite3 DBAPI2 connection. Other DBAPI2 objects are not tested. Please consider using SQLAlchemy.
[2026-04-12T00:19:08.764+0000] {base.py:84} INFO - Using connection ID 'postgres' for task execution.
[2026-04-12T00:19:10.162+0000] {logging_mixin.py:188} INFO - Da trich xuat va luu bang customers tu MySQL vao PostgreSQL schema staging
[2026-04-12T00:19:10.167+0000] {base.py:84} INFO - Using connection ID 'mysql' for task execution.
[2026-04-12T00:19:10.170+0000] {logging_mixin.py:188} WARNING - /home/***/.local/lib/python3.10/site-packages/***/providers/common/sql/hooks/sql.py:263 UserWarning: pandas only supports SQLAlchemy connectable (engine/connection) or database string URI or sqlite3 DBAPI2 connection. Other DBAPI2 objects are not tested. Please consider using SQLAlchemy.
[2026-04-12T00:19:10.270+0000] {base.py:84} INFO - Using connection ID 'postgres' for task execution.
[2026-04-12T00:19:11.194+0000] {logging_mixin.py:188} INFO - Da trich xuat va luu bang products tu MySQL vao PostgreSQL schema staging
[2026-04-12T00:19:11.199+0000] {base.py:84} INFO - Using connection ID 'mysql' for task execution.
[2026-04-12T00:19:11.201+0000] {logging_mixin.py:188} WARNING - /home/***/.local/lib/python3.10/site-packages/***/providers/common/sql/hooks/sql.py:263 UserWarning: pandas only supports SQLAlchemy connectable (engine/connection) or database string URI or sqlite3 DBAPI2 connection. Other DBAPI2 objects are not tested. Please consider using SQLAlchemy.
[2026-04-12T00:19:11.738+0000] {base.py:84} INFO - Using connection ID 'postgres' for task execution.
[2026-04-12T00:19:14.564+0000] {logging_mixin.py:188} INFO - Da trich xuat va luu bang orders tu MySQL vao PostgreSQL schema staging
[2026-04-12T00:19:14.571+0000] {base.py:84} INFO - Using connection ID 'mysql' for task execution.
[2026-04-12T00:19:14.575+0000] {logging_mixin.py:188} WARNING - /home/***/.local/lib/python3.10/site-packages/***/providers/common/sql/hooks/sql.py:263 UserWarning: pandas only supports SQLAlchemy connectable (engine/connection) or database string URI or sqlite3 DBAPI2 connection. Other DBAPI2 objects are not tested. Please consider using SQLAlchemy.
[2026-04-12T00:19:14.975+0000] {base.py:84} INFO - Using connection ID 'postgres' for task execution.
[2026-04-12T00:19:17.851+0000] {logging_mixin.py:188} INFO - Da trich xuat va luu bang order_items tu MySQL vao PostgreSQL schema staging
[2026-04-12T00:19:17.856+0000] {base.py:84} INFO - Using connection ID 'mysql' for task execution.
[2026-04-12T00:19:17.858+0000] {logging_mixin.py:188} WARNING - /home/***/.local/lib/python3.10/site-packages/***/providers/common/sql/hooks/sql.py:263 UserWarning: pandas only supports SQLAlchemy connectable (engine/connection) or database string URI or sqlite3 DBAPI2 connection. Other DBAPI2 objects are not tested. Please consider using SQLAlchemy.
[2026-04-12T00:19:18.075+0000] {base.py:84} INFO - Using connection ID 'postgres' for task execution.
[2026-04-12T00:19:19.769+0000] {logging_mixin.py:188} INFO - Da trich xuat va luu bang payments tu MySQL vao PostgreSQL schema staging
[2026-04-12T00:19:19.774+0000] {base.py:84} INFO - Using connection ID 'mysql' for task execution.
[2026-04-12T00:19:19.776+0000] {logging_mixin.py:188} WARNING - /home/***/.local/lib/python3.10/site-packages/***/providers/common/sql/hooks/sql.py:263 UserWarning: pandas only supports SQLAlchemy connectable (engine/connection) or database string URI or sqlite3 DBAPI2 connection. Other DBAPI2 objects are not tested. Please consider using SQLAlchemy.
[2026-04-12T00:19:20.062+0000] {base.py:84} INFO - Using connection ID 'postgres' for task execution.
[2026-04-12T00:19:21.940+0000] {logging_mixin.py:188} INFO - Da trich xuat va luu bang order_reviews tu MySQL vao PostgreSQL schema staging
[2026-04-12T00:19:21.953+0000] {python.py:237} INFO - Done. Returned value was: None
[2026-04-12T00:19:21.954+0000] {taskinstance.py:441} INFO - ::group::Post task execution logs
[2026-04-12T00:19:21.959+0000] {taskinstance.py:1206} INFO - Marking task as SUCCESS. dag_id=e_commerce_dw_etl, task_id=extract.extract_and_load_to_staging, run_id=scheduled__2026-04-11T00:00:00+00:00, execution_date=20260411T000000, start_date=20260412T001840, end_date=20260412T001921
[2026-04-12T00:19:22.000+0000] {local_task_job_runner.py:240} INFO - Task exited with return code 0
[2026-04-12T00:19:22.020+0000] {taskinstance.py:3503} INFO - 6 downstream tasks scheduled from follow-on schedule check
[2026-04-12T00:19:22.021+0000] {local_task_job_runner.py:222} INFO - ::endgroup::
