[2026-04-10T15:33:34.121+0000] {local_task_job_runner.py:120} INFO - ::group::Pre task execution logs
[2026-04-10T15:33:34.142+0000] {taskinstance.py:2076} INFO - Dependencies all met for dep_context=non-requeueable deps ti=<TaskInstance: e_commerce_dw_etl.extract.extract_and_load_to_staging manual__2026-04-10T15:33:32.942834+00:00 [queued]>
[2026-04-10T15:33:34.145+0000] {taskinstance.py:2076} INFO - Dependencies all met for dep_context=requeueable deps ti=<TaskInstance: e_commerce_dw_etl.extract.extract_and_load_to_staging manual__2026-04-10T15:33:32.942834+00:00 [queued]>
[2026-04-10T15:33:34.145+0000] {taskinstance.py:2306} INFO - Starting attempt 1 of 3
[2026-04-10T15:33:34.151+0000] {taskinstance.py:2330} INFO - Executing <Task(PythonOperator): extract.extract_and_load_to_staging> on 2026-04-10 15:33:32.942834+00:00
[2026-04-10T15:33:34.160+0000] {standard_task_runner.py:63} INFO - Started process 733 to run task
[2026-04-10T15:33:34.162+0000] {standard_task_runner.py:90} INFO - Running: ['***', 'tasks', 'run', 'e_commerce_dw_etl', 'extract.extract_and_load_to_staging', 'manual__2026-04-10T15:33:32.942834+00:00', '--job-id', '714', '--raw', '--subdir', 'DAGS_FOLDER/e_commerce_dw_dag.py', '--cfg-path', '/tmp/tmpxdta3yi6']
[2026-04-10T15:33:34.163+0000] {standard_task_runner.py:91} INFO - Job 714: Subtask extract.extract_and_load_to_staging
[2026-04-10T15:33:34.188+0000] {task_command.py:426} INFO - Running <TaskInstance: e_commerce_dw_etl.extract.extract_and_load_to_staging manual__2026-04-10T15:33:32.942834+00:00 [running]> on host 91966b1ada42
[2026-04-10T15:33:34.249+0000] {taskinstance.py:2648} INFO - Exporting env vars: AIRFLOW_CTX_DAG_OWNER='***' AIRFLOW_CTX_DAG_ID='e_commerce_dw_etl' AIRFLOW_CTX_TASK_ID='extract.extract_and_load_to_staging' AIRFLOW_CTX_EXECUTION_DATE='2026-04-10T15:33:32.942834+00:00' AIRFLOW_CTX_TRY_NUMBER='1' AIRFLOW_CTX_DAG_RUN_ID='manual__2026-04-10T15:33:32.942834+00:00'
[2026-04-10T15:33:34.250+0000] {taskinstance.py:430} INFO - ::endgroup::
[2026-04-10T15:33:34.272+0000] {base.py:84} INFO - Using connection ID 'mysql' for task execution.
[2026-04-10T15:33:34.349+0000] {mysql_operator.py:28} INFO - Successfully connected to mysql database
[2026-04-10T15:33:34.354+0000] {base.py:84} INFO - Using connection ID 'postgres' for task execution.
[2026-04-10T15:33:34.364+0000] {sql.py:487} INFO - Running statement: CREATE SCHEMA IF NOT EXISTS staging;, parameters: None
[2026-04-10T15:33:34.376+0000] {base.py:84} INFO - Using connection ID 'postgres' for task execution.
[2026-04-10T15:33:34.379+0000] {sql.py:487} INFO - Running statement: CREATE SCHEMA IF NOT EXISTS warehouse;, parameters: None
[2026-04-10T15:33:34.381+0000] {base.py:84} INFO - Using connection ID 'mysql' for task execution.
[2026-04-10T15:33:34.389+0000] {logging_mixin.py:188} WARNING - /home/***/.local/lib/python3.10/site-packages/***/providers/common/sql/hooks/sql.py:263 UserWarning: pandas only supports SQLAlchemy connectable (engine/connection) or database string URI or sqlite3 DBAPI2 connection. Other DBAPI2 objects are not tested. Please consider using SQLAlchemy.
[2026-04-10T15:33:34.461+0000] {base.py:84} INFO - Using connection ID 'postgres' for task execution.
[2026-04-10T15:33:34.555+0000] {logging_mixin.py:188} INFO - Da trich xuat va luu bang product_category_name_translation tu MySQL vao PostgreSQL schema staging
[2026-04-10T15:33:34.560+0000] {base.py:84} INFO - Using connection ID 'mysql' for task execution.
[2026-04-10T15:33:34.562+0000] {logging_mixin.py:188} WARNING - /home/***/.local/lib/python3.10/site-packages/***/providers/common/sql/hooks/sql.py:263 UserWarning: pandas only supports SQLAlchemy connectable (engine/connection) or database string URI or sqlite3 DBAPI2 connection. Other DBAPI2 objects are not tested. Please consider using SQLAlchemy.
[2026-04-10T15:33:40.831+0000] {base.py:84} INFO - Using connection ID 'postgres' for task execution.
[2026-04-10T15:34:12.802+0000] {logging_mixin.py:188} INFO - Da trich xuat va luu bang geolocation tu MySQL vao PostgreSQL schema staging
[2026-04-10T15:34:12.835+0000] {base.py:84} INFO - Using connection ID 'mysql' for task execution.
[2026-04-10T15:34:12.847+0000] {logging_mixin.py:188} WARNING - /home/***/.local/lib/python3.10/site-packages/***/providers/common/sql/hooks/sql.py:263 UserWarning: pandas only supports SQLAlchemy connectable (engine/connection) or database string URI or sqlite3 DBAPI2 connection. Other DBAPI2 objects are not tested. Please consider using SQLAlchemy.
[2026-04-10T15:34:12.936+0000] {base.py:84} INFO - Using connection ID 'postgres' for task execution.
[2026-04-10T15:34:13.016+0000] {logging_mixin.py:188} INFO - Da trich xuat va luu bang sellers tu MySQL vao PostgreSQL schema staging
[2026-04-10T15:34:13.027+0000] {base.py:84} INFO - Using connection ID 'mysql' for task execution.
[2026-04-10T15:34:13.030+0000] {logging_mixin.py:188} WARNING - /home/***/.local/lib/python3.10/site-packages/***/providers/common/sql/hooks/sql.py:263 UserWarning: pandas only supports SQLAlchemy connectable (engine/connection) or database string URI or sqlite3 DBAPI2 connection. Other DBAPI2 objects are not tested. Please consider using SQLAlchemy.
[2026-04-10T15:34:13.292+0000] {base.py:84} INFO - Using connection ID 'postgres' for task execution.
[2026-04-10T15:34:14.372+0000] {logging_mixin.py:188} INFO - Da trich xuat va luu bang customers tu MySQL vao PostgreSQL schema staging
[2026-04-10T15:34:14.378+0000] {base.py:84} INFO - Using connection ID 'mysql' for task execution.
[2026-04-10T15:34:14.382+0000] {logging_mixin.py:188} WARNING - /home/***/.local/lib/python3.10/site-packages/***/providers/common/sql/hooks/sql.py:263 UserWarning: pandas only supports SQLAlchemy connectable (engine/connection) or database string URI or sqlite3 DBAPI2 connection. Other DBAPI2 objects are not tested. Please consider using SQLAlchemy.
[2026-04-10T15:34:14.492+0000] {base.py:84} INFO - Using connection ID 'postgres' for task execution.
[2026-04-10T15:34:15.156+0000] {logging_mixin.py:188} INFO - Da trich xuat va luu bang products tu MySQL vao PostgreSQL schema staging
[2026-04-10T15:34:15.161+0000] {base.py:84} INFO - Using connection ID 'mysql' for task execution.
[2026-04-10T15:34:15.163+0000] {logging_mixin.py:188} WARNING - /home/***/.local/lib/python3.10/site-packages/***/providers/common/sql/hooks/sql.py:263 UserWarning: pandas only supports SQLAlchemy connectable (engine/connection) or database string URI or sqlite3 DBAPI2 connection. Other DBAPI2 objects are not tested. Please consider using SQLAlchemy.
[2026-04-10T15:34:15.733+0000] {base.py:84} INFO - Using connection ID 'postgres' for task execution.
[2026-04-10T15:34:18.359+0000] {logging_mixin.py:188} INFO - Da trich xuat va luu bang orders tu MySQL vao PostgreSQL schema staging
[2026-04-10T15:34:18.400+0000] {base.py:84} INFO - Using connection ID 'mysql' for task execution.
[2026-04-10T15:34:18.417+0000] {logging_mixin.py:188} WARNING - /home/***/.local/lib/python3.10/site-packages/***/providers/common/sql/hooks/sql.py:263 UserWarning: pandas only supports SQLAlchemy connectable (engine/connection) or database string URI or sqlite3 DBAPI2 connection. Other DBAPI2 objects are not tested. Please consider using SQLAlchemy.
[2026-04-10T15:34:18.974+0000] {base.py:84} INFO - Using connection ID 'postgres' for task execution.
[2026-04-10T15:34:21.163+0000] {logging_mixin.py:188} INFO - Da trich xuat va luu bang order_items tu MySQL vao PostgreSQL schema staging
[2026-04-10T15:34:21.167+0000] {base.py:84} INFO - Using connection ID 'mysql' for task execution.
[2026-04-10T15:34:21.169+0000] {logging_mixin.py:188} WARNING - /home/***/.local/lib/python3.10/site-packages/***/providers/common/sql/hooks/sql.py:263 UserWarning: pandas only supports SQLAlchemy connectable (engine/connection) or database string URI or sqlite3 DBAPI2 connection. Other DBAPI2 objects are not tested. Please consider using SQLAlchemy.
[2026-04-10T15:34:21.326+0000] {base.py:84} INFO - Using connection ID 'postgres' for task execution.
[2026-04-10T15:34:22.719+0000] {logging_mixin.py:188} INFO - Da trich xuat va luu bang payments tu MySQL vao PostgreSQL schema staging
[2026-04-10T15:34:22.731+0000] {base.py:84} INFO - Using connection ID 'mysql' for task execution.
[2026-04-10T15:34:22.734+0000] {logging_mixin.py:188} WARNING - /home/***/.local/lib/python3.10/site-packages/***/providers/common/sql/hooks/sql.py:263 UserWarning: pandas only supports SQLAlchemy connectable (engine/connection) or database string URI or sqlite3 DBAPI2 connection. Other DBAPI2 objects are not tested. Please consider using SQLAlchemy.
[2026-04-10T15:34:22.996+0000] {base.py:84} INFO - Using connection ID 'postgres' for task execution.
[2026-04-10T15:34:24.631+0000] {logging_mixin.py:188} INFO - Da trich xuat va luu bang order_reviews tu MySQL vao PostgreSQL schema staging
[2026-04-10T15:34:24.640+0000] {python.py:237} INFO - Done. Returned value was: None
[2026-04-10T15:34:24.641+0000] {taskinstance.py:441} INFO - ::group::Post task execution logs
[2026-04-10T15:34:24.657+0000] {taskinstance.py:1206} INFO - Marking task as SUCCESS. dag_id=e_commerce_dw_etl, task_id=extract.extract_and_load_to_staging, run_id=manual__2026-04-10T15:33:32.942834+00:00, execution_date=20260410T153332, start_date=20260410T153334, end_date=20260410T153424
[2026-04-10T15:34:24.680+0000] {local_task_job_runner.py:240} INFO - Task exited with return code 0
[2026-04-10T15:34:24.710+0000] {taskinstance.py:3503} INFO - 6 downstream tasks scheduled from follow-on schedule check
[2026-04-10T15:34:24.711+0000] {local_task_job_runner.py:222} INFO - ::endgroup::
