[2026-04-10T15:34:32.449+0000] {local_task_job_runner.py:120} INFO - ::group::Pre task execution logs
[2026-04-10T15:34:32.666+0000] {taskinstance.py:2076} INFO - Dependencies all met for dep_context=non-requeueable deps ti=<TaskInstance: e_commerce_dw_etl.load.transform_fact_orders manual__2026-04-10T15:33:32.942834+00:00 [queued]>
[2026-04-10T15:34:32.681+0000] {taskinstance.py:2076} INFO - Dependencies all met for dep_context=requeueable deps ti=<TaskInstance: e_commerce_dw_etl.load.transform_fact_orders manual__2026-04-10T15:33:32.942834+00:00 [queued]>
[2026-04-10T15:34:32.682+0000] {taskinstance.py:2306} INFO - Starting attempt 1 of 3
[2026-04-10T15:34:32.695+0000] {taskinstance.py:2330} INFO - Executing <Task(PythonOperator): load.transform_fact_orders> on 2026-04-10 15:33:32.942834+00:00
[2026-04-10T15:34:32.705+0000] {standard_task_runner.py:63} INFO - Started process 778 to run task
[2026-04-10T15:34:32.710+0000] {standard_task_runner.py:90} INFO - Running: ['***', 'tasks', 'run', 'e_commerce_dw_etl', 'load.transform_fact_orders', 'manual__2026-04-10T15:33:32.942834+00:00', '--job-id', '721', '--raw', '--subdir', 'DAGS_FOLDER/e_commerce_dw_dag.py', '--cfg-path', '/tmp/tmppxy1xv1o']
[2026-04-10T15:34:32.716+0000] {standard_task_runner.py:91} INFO - Job 721: Subtask load.transform_fact_orders
[2026-04-10T15:34:32.770+0000] {task_command.py:426} INFO - Running <TaskInstance: e_commerce_dw_etl.load.transform_fact_orders manual__2026-04-10T15:33:32.942834+00:00 [running]> on host 91966b1ada42
[2026-04-10T15:34:32.831+0000] {taskinstance.py:2648} INFO - Exporting env vars: AIRFLOW_CTX_DAG_OWNER='***' AIRFLOW_CTX_DAG_ID='e_commerce_dw_etl' AIRFLOW_CTX_TASK_ID='load.transform_fact_orders' AIRFLOW_CTX_EXECUTION_DATE='2026-04-10T15:33:32.942834+00:00' AIRFLOW_CTX_TRY_NUMBER='1' AIRFLOW_CTX_DAG_RUN_ID='manual__2026-04-10T15:33:32.942834+00:00'
[2026-04-10T15:34:32.833+0000] {taskinstance.py:430} INFO - ::endgroup::
[2026-04-10T15:34:32.879+0000] {base.py:84} INFO - Using connection ID 'postgres' for task execution.
[2026-04-10T15:34:32.897+0000] {logging_mixin.py:188} WARNING - /home/***/.local/lib/python3.10/site-packages/***/providers/common/sql/hooks/sql.py:263 UserWarning: pandas only supports SQLAlchemy connectable (engine/connection) or database string URI or sqlite3 DBAPI2 connection. Other DBAPI2 objects are not tested. Please consider using SQLAlchemy.
[2026-04-10T15:34:33.333+0000] {base.py:84} INFO - Using connection ID 'postgres' for task execution.
[2026-04-10T15:34:33.340+0000] {logging_mixin.py:188} WARNING - /home/***/.local/lib/python3.10/site-packages/***/providers/common/sql/hooks/sql.py:263 UserWarning: pandas only supports SQLAlchemy connectable (engine/connection) or database string URI or sqlite3 DBAPI2 connection. Other DBAPI2 objects are not tested. Please consider using SQLAlchemy.
[2026-04-10T15:34:33.633+0000] {base.py:84} INFO - Using connection ID 'postgres' for task execution.
[2026-04-10T15:34:33.636+0000] {logging_mixin.py:188} WARNING - /home/***/.local/lib/python3.10/site-packages/***/providers/common/sql/hooks/sql.py:263 UserWarning: pandas only supports SQLAlchemy connectable (engine/connection) or database string URI or sqlite3 DBAPI2 connection. Other DBAPI2 objects are not tested. Please consider using SQLAlchemy.
[2026-04-10T15:34:33.847+0000] {base.py:84} INFO - Using connection ID 'postgres' for task execution.
[2026-04-10T15:34:33.850+0000] {logging_mixin.py:188} WARNING - /home/***/.local/lib/python3.10/site-packages/***/providers/common/sql/hooks/sql.py:263 UserWarning: pandas only supports SQLAlchemy connectable (engine/connection) or database string URI or sqlite3 DBAPI2 connection. Other DBAPI2 objects are not tested. Please consider using SQLAlchemy.
[2026-04-10T15:34:34.232+0000] {logging_mixin.py:188} INFO - Các cột trong DataFrame sau khi merge:
[2026-04-10T15:34:34.234+0000] {logging_mixin.py:188} INFO - Index(['order_id', 'customer_id', 'order_status', 'order_purchase_timestamp',
       'order_approved_at', 'order_delivered_carrier_date',
       'order_delivered_customer_date', 'order_estimated_delivery_date',
       'order_item_id', 'product_id', 'seller_id', 'shipping_limit_date',
       'price', 'freight_value', 'payment_sequential', 'payment_type',
       'payment_installments', 'payment_value', 'customer_zip_code_prefix'],
      dtype='object')
[2026-04-10T15:34:35.082+0000] {base.py:84} INFO - Using connection ID 'postgres' for task execution.
[2026-04-10T15:34:39.546+0000] {logging_mixin.py:188} INFO - Đã transform và lưu dữ liệu vào fact_orders
[2026-04-10T15:34:39.654+0000] {python.py:237} INFO - Done. Returned value was: None
[2026-04-10T15:34:39.655+0000] {taskinstance.py:441} INFO - ::group::Post task execution logs
[2026-04-10T15:34:39.663+0000] {taskinstance.py:1206} INFO - Marking task as SUCCESS. dag_id=e_commerce_dw_etl, task_id=load.transform_fact_orders, run_id=manual__2026-04-10T15:33:32.942834+00:00, execution_date=20260410T153332, start_date=20260410T153432, end_date=20260410T153439
[2026-04-10T15:34:39.732+0000] {local_task_job_runner.py:240} INFO - Task exited with return code 0
[2026-04-10T15:34:39.751+0000] {taskinstance.py:3503} INFO - 0 downstream tasks scheduled from follow-on schedule check
[2026-04-10T15:34:39.752+0000] {local_task_job_runner.py:222} INFO - ::endgroup::
