[2026-04-11T06:11:05.738+0000] {local_task_job_runner.py:120} INFO - ::group::Pre task execution logs
[2026-04-11T06:11:05.934+0000] {taskinstance.py:2076} INFO - Dependencies all met for dep_context=non-requeueable deps ti=<TaskInstance: e_commerce_dw_etl.load.transform_fact_orders scheduled__2026-04-10T00:00:00+00:00 [queued]>
[2026-04-11T06:11:05.964+0000] {taskinstance.py:2076} INFO - Dependencies all met for dep_context=requeueable deps ti=<TaskInstance: e_commerce_dw_etl.load.transform_fact_orders scheduled__2026-04-10T00:00:00+00:00 [queued]>
[2026-04-11T06:11:05.964+0000] {taskinstance.py:2306} INFO - Starting attempt 1 of 3
[2026-04-11T06:11:05.973+0000] {taskinstance.py:2330} INFO - Executing <Task(PythonOperator): load.transform_fact_orders> on 2026-04-10 00:00:00+00:00
[2026-04-11T06:11:05.977+0000] {standard_task_runner.py:63} INFO - Started process 217 to run task
[2026-04-11T06:11:05.984+0000] {standard_task_runner.py:90} INFO - Running: ['***', 'tasks', 'run', 'e_commerce_dw_etl', 'load.transform_fact_orders', 'scheduled__2026-04-10T00:00:00+00:00', '--job-id', '730', '--raw', '--subdir', 'DAGS_FOLDER/e_commerce_dw_dag.py', '--cfg-path', '/tmp/tmpdiryj77t']
[2026-04-11T06:11:05.986+0000] {standard_task_runner.py:91} INFO - Job 730: Subtask load.transform_fact_orders
[2026-04-11T06:11:06.028+0000] {task_command.py:426} INFO - Running <TaskInstance: e_commerce_dw_etl.load.transform_fact_orders scheduled__2026-04-10T00:00:00+00:00 [running]> on host 91966b1ada42
[2026-04-11T06:11:06.091+0000] {taskinstance.py:2648} INFO - Exporting env vars: AIRFLOW_CTX_DAG_OWNER='***' AIRFLOW_CTX_DAG_ID='e_commerce_dw_etl' AIRFLOW_CTX_TASK_ID='load.transform_fact_orders' AIRFLOW_CTX_EXECUTION_DATE='2026-04-10T00:00:00+00:00' AIRFLOW_CTX_TRY_NUMBER='1' AIRFLOW_CTX_DAG_RUN_ID='scheduled__2026-04-10T00:00:00+00:00'
[2026-04-11T06:11:06.091+0000] {taskinstance.py:430} INFO - ::endgroup::
[2026-04-11T06:11:06.113+0000] {base.py:84} INFO - Using connection ID 'postgres' for task execution.
[2026-04-11T06:11:06.126+0000] {logging_mixin.py:188} WARNING - /home/***/.local/lib/python3.10/site-packages/***/providers/common/sql/hooks/sql.py:263 UserWarning: pandas only supports SQLAlchemy connectable (engine/connection) or database string URI or sqlite3 DBAPI2 connection. Other DBAPI2 objects are not tested. Please consider using SQLAlchemy.
[2026-04-11T06:11:06.425+0000] {base.py:84} INFO - Using connection ID 'postgres' for task execution.
[2026-04-11T06:11:06.433+0000] {logging_mixin.py:188} WARNING - /home/***/.local/lib/python3.10/site-packages/***/providers/common/sql/hooks/sql.py:263 UserWarning: pandas only supports SQLAlchemy connectable (engine/connection) or database string URI or sqlite3 DBAPI2 connection. Other DBAPI2 objects are not tested. Please consider using SQLAlchemy.
[2026-04-11T06:11:06.744+0000] {base.py:84} INFO - Using connection ID 'postgres' for task execution.
[2026-04-11T06:11:06.747+0000] {logging_mixin.py:188} WARNING - /home/***/.local/lib/python3.10/site-packages/***/providers/common/sql/hooks/sql.py:263 UserWarning: pandas only supports SQLAlchemy connectable (engine/connection) or database string URI or sqlite3 DBAPI2 connection. Other DBAPI2 objects are not tested. Please consider using SQLAlchemy.
[2026-04-11T06:11:06.892+0000] {base.py:84} INFO - Using connection ID 'postgres' for task execution.
[2026-04-11T06:11:06.895+0000] {logging_mixin.py:188} WARNING - /home/***/.local/lib/python3.10/site-packages/***/providers/common/sql/hooks/sql.py:263 UserWarning: pandas only supports SQLAlchemy connectable (engine/connection) or database string URI or sqlite3 DBAPI2 connection. Other DBAPI2 objects are not tested. Please consider using SQLAlchemy.
[2026-04-11T06:11:07.292+0000] {logging_mixin.py:188} INFO - Các cột trong DataFrame sau khi merge:
[2026-04-11T06:11:07.292+0000] {logging_mixin.py:188} INFO - Index(['order_id', 'customer_id', 'order_status', 'order_purchase_timestamp',
       'order_approved_at', 'order_delivered_carrier_date',
       'order_delivered_customer_date', 'order_estimated_delivery_date',
       'order_item_id', 'product_id', 'seller_id', 'shipping_limit_date',
       'price', 'freight_value', 'payment_sequential', 'payment_type',
       'payment_installments', 'payment_value', 'customer_zip_code_prefix'],
      dtype='object')
[2026-04-11T06:11:07.497+0000] {base.py:84} INFO - Using connection ID 'postgres' for task execution.
[2026-04-11T06:11:12.422+0000] {logging_mixin.py:188} INFO - Đã transform và lưu dữ liệu vào fact_orders
[2026-04-11T06:11:12.471+0000] {python.py:237} INFO - Done. Returned value was: None
[2026-04-11T06:11:12.472+0000] {taskinstance.py:441} INFO - ::group::Post task execution logs
[2026-04-11T06:11:12.477+0000] {taskinstance.py:1206} INFO - Marking task as SUCCESS. dag_id=e_commerce_dw_etl, task_id=load.transform_fact_orders, run_id=scheduled__2026-04-10T00:00:00+00:00, execution_date=20260410T000000, start_date=20260411T061105, end_date=20260411T061112
[2026-04-11T06:11:12.537+0000] {local_task_job_runner.py:240} INFO - Task exited with return code 0
[2026-04-11T06:11:12.547+0000] {taskinstance.py:3503} INFO - 0 downstream tasks scheduled from follow-on schedule check
[2026-04-11T06:11:12.547+0000] {local_task_job_runner.py:222} INFO - ::endgroup::
