[2026-04-11T06:11:00.630+0000] {local_task_job_runner.py:120} INFO - ::group::Pre task execution logs
[2026-04-11T06:11:00.661+0000] {taskinstance.py:2076} INFO - Dependencies all met for dep_context=non-requeueable deps ti=<TaskInstance: e_commerce_dw_etl.transform.transform_dim_geolocation scheduled__2026-04-10T00:00:00+00:00 [queued]>
[2026-04-11T06:11:00.680+0000] {taskinstance.py:2076} INFO - Dependencies all met for dep_context=requeueable deps ti=<TaskInstance: e_commerce_dw_etl.transform.transform_dim_geolocation scheduled__2026-04-10T00:00:00+00:00 [queued]>
[2026-04-11T06:11:00.683+0000] {taskinstance.py:2306} INFO - Starting attempt 1 of 3
[2026-04-11T06:11:00.696+0000] {taskinstance.py:2330} INFO - Executing <Task(PythonOperator): transform.transform_dim_geolocation> on 2026-04-10 00:00:00+00:00
[2026-04-11T06:11:00.699+0000] {standard_task_runner.py:63} INFO - Started process 211 to run task
[2026-04-11T06:11:00.704+0000] {standard_task_runner.py:90} INFO - Running: ['***', 'tasks', 'run', 'e_commerce_dw_etl', 'transform.transform_dim_geolocation', 'scheduled__2026-04-10T00:00:00+00:00', '--job-id', '724', '--raw', '--subdir', 'DAGS_FOLDER/e_commerce_dw_dag.py', '--cfg-path', '/tmp/tmpimsitfi7']
[2026-04-11T06:11:00.705+0000] {standard_task_runner.py:91} INFO - Job 724: Subtask transform.transform_dim_geolocation
[2026-04-11T06:11:00.754+0000] {task_command.py:426} INFO - Running <TaskInstance: e_commerce_dw_etl.transform.transform_dim_geolocation scheduled__2026-04-10T00:00:00+00:00 [running]> on host 91966b1ada42
[2026-04-11T06:11:00.831+0000] {taskinstance.py:2648} INFO - Exporting env vars: AIRFLOW_CTX_DAG_OWNER='***' AIRFLOW_CTX_DAG_ID='e_commerce_dw_etl' AIRFLOW_CTX_TASK_ID='transform.transform_dim_geolocation' AIRFLOW_CTX_EXECUTION_DATE='2026-04-10T00:00:00+00:00' AIRFLOW_CTX_TRY_NUMBER='1' AIRFLOW_CTX_DAG_RUN_ID='scheduled__2026-04-10T00:00:00+00:00'
[2026-04-11T06:11:00.832+0000] {taskinstance.py:430} INFO - ::endgroup::
[2026-04-11T06:11:00.850+0000] {base.py:84} INFO - Using connection ID 'postgres' for task execution.
[2026-04-11T06:11:00.862+0000] {logging_mixin.py:188} WARNING - /home/***/.local/lib/python3.10/site-packages/***/providers/common/sql/hooks/sql.py:263 UserWarning: pandas only supports SQLAlchemy connectable (engine/connection) or database string URI or sqlite3 DBAPI2 connection. Other DBAPI2 objects are not tested. Please consider using SQLAlchemy.
[2026-04-11T06:11:04.204+0000] {base.py:84} INFO - Using connection ID 'postgres' for task execution.
[2026-04-11T06:11:04.849+0000] {logging_mixin.py:188} INFO - Đã transform và lưu dữ liệu vào dim_geolocation
[2026-04-11T06:11:04.866+0000] {python.py:237} INFO - Done. Returned value was: None
[2026-04-11T06:11:04.866+0000] {taskinstance.py:441} INFO - ::group::Post task execution logs
[2026-04-11T06:11:04.877+0000] {taskinstance.py:1206} INFO - Marking task as SUCCESS. dag_id=e_commerce_dw_etl, task_id=transform.transform_dim_geolocation, run_id=scheduled__2026-04-10T00:00:00+00:00, execution_date=20260410T000000, start_date=20260411T061100, end_date=20260411T061104
[2026-04-11T06:11:04.899+0000] {local_task_job_runner.py:240} INFO - Task exited with return code 0
[2026-04-11T06:11:04.938+0000] {taskinstance.py:3503} INFO - 0 downstream tasks scheduled from follow-on schedule check
[2026-04-11T06:11:04.939+0000] {local_task_job_runner.py:222} INFO - ::endgroup::
