[2026-04-11T06:10:22.235+0000] {local_task_job_runner.py:120} INFO - ::group::Pre task execution logs
[2026-04-11T06:10:22.269+0000] {taskinstance.py:2076} INFO - Dependencies all met for dep_context=non-requeueable deps ti=<TaskInstance: e_commerce_dw_etl.extract.extract_and_load_to_staging scheduled__2026-04-10T00:00:00+00:00 [queued]>
[2026-04-11T06:10:22.275+0000] {taskinstance.py:2076} INFO - Dependencies all met for dep_context=requeueable deps ti=<TaskInstance: e_commerce_dw_etl.extract.extract_and_load_to_staging scheduled__2026-04-10T00:00:00+00:00 [queued]>
[2026-04-11T06:10:22.275+0000] {taskinstance.py:2306} INFO - Starting attempt 1 of 3
[2026-04-11T06:10:22.284+0000] {taskinstance.py:2330} INFO - Executing <Task(PythonOperator): extract.extract_and_load_to_staging> on 2026-04-10 00:00:00+00:00
[2026-04-11T06:10:22.289+0000] {standard_task_runner.py:63} INFO - Started process 181 to run task
[2026-04-11T06:10:22.296+0000] {standard_task_runner.py:90} INFO - Running: ['***', 'tasks', 'run', 'e_commerce_dw_etl', 'extract.extract_and_load_to_staging', 'scheduled__2026-04-10T00:00:00+00:00', '--job-id', '723', '--raw', '--subdir', 'DAGS_FOLDER/e_commerce_dw_dag.py', '--cfg-path', '/tmp/tmp_0ck2n51']
[2026-04-11T06:10:22.301+0000] {standard_task_runner.py:91} INFO - Job 723: Subtask extract.extract_and_load_to_staging
[2026-04-11T06:10:22.425+0000] {task_command.py:426} INFO - Running <TaskInstance: e_commerce_dw_etl.extract.extract_and_load_to_staging scheduled__2026-04-10T00:00:00+00:00 [running]> on host 91966b1ada42
[2026-04-11T06:10:22.580+0000] {taskinstance.py:2648} INFO - Exporting env vars: AIRFLOW_CTX_DAG_OWNER='***' AIRFLOW_CTX_DAG_ID='e_commerce_dw_etl' AIRFLOW_CTX_TASK_ID='extract.extract_and_load_to_staging' AIRFLOW_CTX_EXECUTION_DATE='2026-04-10T00:00:00+00:00' AIRFLOW_CTX_TRY_NUMBER='1' AIRFLOW_CTX_DAG_RUN_ID='scheduled__2026-04-10T00:00:00+00:00'
[2026-04-11T06:10:22.580+0000] {taskinstance.py:430} INFO - ::endgroup::
[2026-04-11T06:10:22.603+0000] {base.py:84} INFO - Using connection ID 'mysql' for task execution.
[2026-04-11T06:10:22.622+0000] {mysql_operator.py:28} INFO - Successfully connected to mysql database
[2026-04-11T06:10:22.627+0000] {base.py:84} INFO - Using connection ID 'postgres' for task execution.
[2026-04-11T06:10:22.653+0000] {sql.py:487} INFO - Running statement: CREATE SCHEMA IF NOT EXISTS staging;, parameters: None
[2026-04-11T06:10:22.667+0000] {base.py:84} INFO - Using connection ID 'postgres' for task execution.
[2026-04-11T06:10:22.674+0000] {sql.py:487} INFO - Running statement: CREATE SCHEMA IF NOT EXISTS warehouse;, parameters: None
[2026-04-11T06:10:22.679+0000] {base.py:84} INFO - Using connection ID 'mysql' for task execution.
[2026-04-11T06:10:22.696+0000] {logging_mixin.py:188} WARNING - /home/***/.local/lib/python3.10/site-packages/***/providers/common/sql/hooks/sql.py:263 UserWarning: pandas only supports SQLAlchemy connectable (engine/connection) or database string URI or sqlite3 DBAPI2 connection. Other DBAPI2 objects are not tested. Please consider using SQLAlchemy.
[2026-04-11T06:10:22.718+0000] {base.py:84} INFO - Using connection ID 'postgres' for task execution.
[2026-04-11T06:10:22.842+0000] {logging_mixin.py:188} INFO - Da trich xuat va luu bang product_category_name_translation tu MySQL vao PostgreSQL schema staging
[2026-04-11T06:10:22.847+0000] {base.py:84} INFO - Using connection ID 'mysql' for task execution.
[2026-04-11T06:10:22.851+0000] {logging_mixin.py:188} WARNING - /home/***/.local/lib/python3.10/site-packages/***/providers/common/sql/hooks/sql.py:263 UserWarning: pandas only supports SQLAlchemy connectable (engine/connection) or database string URI or sqlite3 DBAPI2 connection. Other DBAPI2 objects are not tested. Please consider using SQLAlchemy.
[2026-04-11T06:10:25.061+0000] {base.py:84} INFO - Using connection ID 'postgres' for task execution.
[2026-04-11T06:10:50.840+0000] {logging_mixin.py:188} INFO - Da trich xuat va luu bang geolocation tu MySQL vao PostgreSQL schema staging
[2026-04-11T06:10:50.859+0000] {base.py:84} INFO - Using connection ID 'mysql' for task execution.
[2026-04-11T06:10:50.870+0000] {logging_mixin.py:188} WARNING - /home/***/.local/lib/python3.10/site-packages/***/providers/common/sql/hooks/sql.py:263 UserWarning: pandas only supports SQLAlchemy connectable (engine/connection) or database string URI or sqlite3 DBAPI2 connection. Other DBAPI2 objects are not tested. Please consider using SQLAlchemy.
[2026-04-11T06:10:50.936+0000] {base.py:84} INFO - Using connection ID 'postgres' for task execution.
[2026-04-11T06:10:50.994+0000] {logging_mixin.py:188} INFO - Da trich xuat va luu bang sellers tu MySQL vao PostgreSQL schema staging
[2026-04-11T06:10:50.998+0000] {base.py:84} INFO - Using connection ID 'mysql' for task execution.
[2026-04-11T06:10:51.001+0000] {logging_mixin.py:188} WARNING - /home/***/.local/lib/python3.10/site-packages/***/providers/common/sql/hooks/sql.py:263 UserWarning: pandas only supports SQLAlchemy connectable (engine/connection) or database string URI or sqlite3 DBAPI2 connection. Other DBAPI2 objects are not tested. Please consider using SQLAlchemy.
[2026-04-11T06:10:51.275+0000] {base.py:84} INFO - Using connection ID 'postgres' for task execution.
[2026-04-11T06:10:52.149+0000] {logging_mixin.py:188} INFO - Da trich xuat va luu bang customers tu MySQL vao PostgreSQL schema staging
[2026-04-11T06:10:52.153+0000] {base.py:84} INFO - Using connection ID 'mysql' for task execution.
[2026-04-11T06:10:52.156+0000] {logging_mixin.py:188} WARNING - /home/***/.local/lib/python3.10/site-packages/***/providers/common/sql/hooks/sql.py:263 UserWarning: pandas only supports SQLAlchemy connectable (engine/connection) or database string URI or sqlite3 DBAPI2 connection. Other DBAPI2 objects are not tested. Please consider using SQLAlchemy.
[2026-04-11T06:10:52.254+0000] {base.py:84} INFO - Using connection ID 'postgres' for task execution.
[2026-04-11T06:10:52.800+0000] {logging_mixin.py:188} INFO - Da trich xuat va luu bang products tu MySQL vao PostgreSQL schema staging
[2026-04-11T06:10:52.804+0000] {base.py:84} INFO - Using connection ID 'mysql' for task execution.
[2026-04-11T06:10:52.807+0000] {logging_mixin.py:188} WARNING - /home/***/.local/lib/python3.10/site-packages/***/providers/common/sql/hooks/sql.py:263 UserWarning: pandas only supports SQLAlchemy connectable (engine/connection) or database string URI or sqlite3 DBAPI2 connection. Other DBAPI2 objects are not tested. Please consider using SQLAlchemy.
[2026-04-11T06:10:53.323+0000] {base.py:84} INFO - Using connection ID 'postgres' for task execution.
[2026-04-11T06:10:55.019+0000] {logging_mixin.py:188} INFO - Da trich xuat va luu bang orders tu MySQL vao PostgreSQL schema staging
[2026-04-11T06:10:55.027+0000] {base.py:84} INFO - Using connection ID 'mysql' for task execution.
[2026-04-11T06:10:55.032+0000] {logging_mixin.py:188} WARNING - /home/***/.local/lib/python3.10/site-packages/***/providers/common/sql/hooks/sql.py:263 UserWarning: pandas only supports SQLAlchemy connectable (engine/connection) or database string URI or sqlite3 DBAPI2 connection. Other DBAPI2 objects are not tested. Please consider using SQLAlchemy.
[2026-04-11T06:10:55.292+0000] {base.py:84} INFO - Using connection ID 'postgres' for task execution.
[2026-04-11T06:10:57.157+0000] {logging_mixin.py:188} INFO - Da trich xuat va luu bang order_items tu MySQL vao PostgreSQL schema staging
[2026-04-11T06:10:57.170+0000] {base.py:84} INFO - Using connection ID 'mysql' for task execution.
[2026-04-11T06:10:57.172+0000] {logging_mixin.py:188} WARNING - /home/***/.local/lib/python3.10/site-packages/***/providers/common/sql/hooks/sql.py:263 UserWarning: pandas only supports SQLAlchemy connectable (engine/connection) or database string URI or sqlite3 DBAPI2 connection. Other DBAPI2 objects are not tested. Please consider using SQLAlchemy.
[2026-04-11T06:10:57.312+0000] {base.py:84} INFO - Using connection ID 'postgres' for task execution.
[2026-04-11T06:10:58.557+0000] {logging_mixin.py:188} INFO - Da trich xuat va luu bang payments tu MySQL vao PostgreSQL schema staging
[2026-04-11T06:10:58.560+0000] {base.py:84} INFO - Using connection ID 'mysql' for task execution.
[2026-04-11T06:10:58.562+0000] {logging_mixin.py:188} WARNING - /home/***/.local/lib/python3.10/site-packages/***/providers/common/sql/hooks/sql.py:263 UserWarning: pandas only supports SQLAlchemy connectable (engine/connection) or database string URI or sqlite3 DBAPI2 connection. Other DBAPI2 objects are not tested. Please consider using SQLAlchemy.
[2026-04-11T06:10:58.879+0000] {base.py:84} INFO - Using connection ID 'postgres' for task execution.
[2026-04-11T06:11:00.410+0000] {logging_mixin.py:188} INFO - Da trich xuat va luu bang order_reviews tu MySQL vao PostgreSQL schema staging
[2026-04-11T06:11:00.420+0000] {python.py:237} INFO - Done. Returned value was: None
[2026-04-11T06:11:00.421+0000] {taskinstance.py:441} INFO - ::group::Post task execution logs
[2026-04-11T06:11:00.425+0000] {taskinstance.py:1206} INFO - Marking task as SUCCESS. dag_id=e_commerce_dw_etl, task_id=extract.extract_and_load_to_staging, run_id=scheduled__2026-04-10T00:00:00+00:00, execution_date=20260410T000000, start_date=20260411T061022, end_date=20260411T061100
[2026-04-11T06:11:00.497+0000] {local_task_job_runner.py:240} INFO - Task exited with return code 0
[2026-04-11T06:11:00.543+0000] {taskinstance.py:3503} INFO - 0 downstream tasks scheduled from follow-on schedule check
[2026-04-11T06:11:00.545+0000] {local_task_job_runner.py:222} INFO - ::endgroup::
