[2026-04-11T07:35:48.328+0000] {local_task_job_runner.py:120} INFO - ::group::Pre task execution logs
[2026-04-11T07:35:48.391+0000] {taskinstance.py:2076} INFO - Dependencies all met for dep_context=non-requeueable deps ti=<TaskInstance: e_commerce_dw_etl.extract.extract_and_load_to_staging manual__2026-04-11T07:35:47.192935+00:00 [queued]>
[2026-04-11T07:35:48.397+0000] {taskinstance.py:2076} INFO - Dependencies all met for dep_context=requeueable deps ti=<TaskInstance: e_commerce_dw_etl.extract.extract_and_load_to_staging manual__2026-04-11T07:35:47.192935+00:00 [queued]>
[2026-04-11T07:35:48.397+0000] {taskinstance.py:2306} INFO - Starting attempt 1 of 3
[2026-04-11T07:35:48.411+0000] {taskinstance.py:2330} INFO - Executing <Task(PythonOperator): extract.extract_and_load_to_staging> on 2026-04-11 07:35:47.192935+00:00
[2026-04-11T07:35:48.419+0000] {standard_task_runner.py:63} INFO - Started process 2830 to run task
[2026-04-11T07:35:48.421+0000] {standard_task_runner.py:90} INFO - Running: ['***', 'tasks', 'run', 'e_commerce_dw_etl', 'extract.extract_and_load_to_staging', 'manual__2026-04-11T07:35:47.192935+00:00', '--job-id', '731', '--raw', '--subdir', 'DAGS_FOLDER/e_commerce_dw_dag.py', '--cfg-path', '/tmp/tmpan6kksok']
[2026-04-11T07:35:48.423+0000] {standard_task_runner.py:91} INFO - Job 731: Subtask extract.extract_and_load_to_staging
[2026-04-11T07:35:48.452+0000] {task_command.py:426} INFO - Running <TaskInstance: e_commerce_dw_etl.extract.extract_and_load_to_staging manual__2026-04-11T07:35:47.192935+00:00 [running]> on host 91966b1ada42
[2026-04-11T07:35:48.520+0000] {taskinstance.py:2648} INFO - Exporting env vars: AIRFLOW_CTX_DAG_OWNER='***' AIRFLOW_CTX_DAG_ID='e_commerce_dw_etl' AIRFLOW_CTX_TASK_ID='extract.extract_and_load_to_staging' AIRFLOW_CTX_EXECUTION_DATE='2026-04-11T07:35:47.192935+00:00' AIRFLOW_CTX_TRY_NUMBER='1' AIRFLOW_CTX_DAG_RUN_ID='manual__2026-04-11T07:35:47.192935+00:00'
[2026-04-11T07:35:48.521+0000] {taskinstance.py:430} INFO - ::endgroup::
[2026-04-11T07:35:48.546+0000] {base.py:84} INFO - Using connection ID 'mysql' for task execution.
[2026-04-11T07:35:48.612+0000] {mysql_operator.py:28} INFO - Successfully connected to mysql database
[2026-04-11T07:35:48.620+0000] {base.py:84} INFO - Using connection ID 'postgres' for task execution.
[2026-04-11T07:35:48.629+0000] {sql.py:487} INFO - Running statement: CREATE SCHEMA IF NOT EXISTS staging;, parameters: None
[2026-04-11T07:35:48.641+0000] {base.py:84} INFO - Using connection ID 'postgres' for task execution.
[2026-04-11T07:35:48.646+0000] {sql.py:487} INFO - Running statement: CREATE SCHEMA IF NOT EXISTS warehouse;, parameters: None
[2026-04-11T07:35:48.657+0000] {base.py:84} INFO - Using connection ID 'mysql' for task execution.
[2026-04-11T07:35:48.679+0000] {logging_mixin.py:188} WARNING - /home/***/.local/lib/python3.10/site-packages/***/providers/common/sql/hooks/sql.py:263 UserWarning: pandas only supports SQLAlchemy connectable (engine/connection) or database string URI or sqlite3 DBAPI2 connection. Other DBAPI2 objects are not tested. Please consider using SQLAlchemy.
[2026-04-11T07:35:48.789+0000] {base.py:84} INFO - Using connection ID 'postgres' for task execution.
[2026-04-11T07:35:48.861+0000] {logging_mixin.py:188} INFO - Da trich xuat va luu bang product_category_name_translation tu MySQL vao PostgreSQL schema staging
[2026-04-11T07:35:48.865+0000] {base.py:84} INFO - Using connection ID 'mysql' for task execution.
[2026-04-11T07:35:48.867+0000] {logging_mixin.py:188} WARNING - /home/***/.local/lib/python3.10/site-packages/***/providers/common/sql/hooks/sql.py:263 UserWarning: pandas only supports SQLAlchemy connectable (engine/connection) or database string URI or sqlite3 DBAPI2 connection. Other DBAPI2 objects are not tested. Please consider using SQLAlchemy.
[2026-04-11T07:35:51.431+0000] {base.py:84} INFO - Using connection ID 'postgres' for task execution.
[2026-04-11T07:36:05.751+0000] {logging_mixin.py:188} INFO - Da trich xuat va luu bang geolocation tu MySQL vao PostgreSQL schema staging
[2026-04-11T07:36:05.773+0000] {base.py:84} INFO - Using connection ID 'mysql' for task execution.
[2026-04-11T07:36:05.781+0000] {logging_mixin.py:188} WARNING - /home/***/.local/lib/python3.10/site-packages/***/providers/common/sql/hooks/sql.py:263 UserWarning: pandas only supports SQLAlchemy connectable (engine/connection) or database string URI or sqlite3 DBAPI2 connection. Other DBAPI2 objects are not tested. Please consider using SQLAlchemy.
[2026-04-11T07:36:05.850+0000] {base.py:84} INFO - Using connection ID 'postgres' for task execution.
[2026-04-11T07:36:05.905+0000] {logging_mixin.py:188} INFO - Da trich xuat va luu bang sellers tu MySQL vao PostgreSQL schema staging
[2026-04-11T07:36:05.909+0000] {base.py:84} INFO - Using connection ID 'mysql' for task execution.
[2026-04-11T07:36:05.911+0000] {logging_mixin.py:188} WARNING - /home/***/.local/lib/python3.10/site-packages/***/providers/common/sql/hooks/sql.py:263 UserWarning: pandas only supports SQLAlchemy connectable (engine/connection) or database string URI or sqlite3 DBAPI2 connection. Other DBAPI2 objects are not tested. Please consider using SQLAlchemy.
[2026-04-11T07:36:06.088+0000] {base.py:84} INFO - Using connection ID 'postgres' for task execution.
[2026-04-11T07:36:07.083+0000] {logging_mixin.py:188} INFO - Da trich xuat va luu bang customers tu MySQL vao PostgreSQL schema staging
[2026-04-11T07:36:07.088+0000] {base.py:84} INFO - Using connection ID 'mysql' for task execution.
[2026-04-11T07:36:07.090+0000] {logging_mixin.py:188} WARNING - /home/***/.local/lib/python3.10/site-packages/***/providers/common/sql/hooks/sql.py:263 UserWarning: pandas only supports SQLAlchemy connectable (engine/connection) or database string URI or sqlite3 DBAPI2 connection. Other DBAPI2 objects are not tested. Please consider using SQLAlchemy.
[2026-04-11T07:36:07.177+0000] {base.py:84} INFO - Using connection ID 'postgres' for task execution.
[2026-04-11T07:36:07.848+0000] {logging_mixin.py:188} INFO - Da trich xuat va luu bang products tu MySQL vao PostgreSQL schema staging
[2026-04-11T07:36:07.854+0000] {base.py:84} INFO - Using connection ID 'mysql' for task execution.
[2026-04-11T07:36:07.856+0000] {logging_mixin.py:188} WARNING - /home/***/.local/lib/python3.10/site-packages/***/providers/common/sql/hooks/sql.py:263 UserWarning: pandas only supports SQLAlchemy connectable (engine/connection) or database string URI or sqlite3 DBAPI2 connection. Other DBAPI2 objects are not tested. Please consider using SQLAlchemy.
[2026-04-11T07:36:08.216+0000] {base.py:84} INFO - Using connection ID 'postgres' for task execution.
[2026-04-11T07:36:10.483+0000] {logging_mixin.py:188} INFO - Da trich xuat va luu bang orders tu MySQL vao PostgreSQL schema staging
[2026-04-11T07:36:10.499+0000] {base.py:84} INFO - Using connection ID 'mysql' for task execution.
[2026-04-11T07:36:10.508+0000] {logging_mixin.py:188} WARNING - /home/***/.local/lib/python3.10/site-packages/***/providers/common/sql/hooks/sql.py:263 UserWarning: pandas only supports SQLAlchemy connectable (engine/connection) or database string URI or sqlite3 DBAPI2 connection. Other DBAPI2 objects are not tested. Please consider using SQLAlchemy.
[2026-04-11T07:36:10.808+0000] {base.py:84} INFO - Using connection ID 'postgres' for task execution.
[2026-04-11T07:36:12.891+0000] {logging_mixin.py:188} INFO - Da trich xuat va luu bang order_items tu MySQL vao PostgreSQL schema staging
[2026-04-11T07:36:12.897+0000] {base.py:84} INFO - Using connection ID 'mysql' for task execution.
[2026-04-11T07:36:12.899+0000] {logging_mixin.py:188} WARNING - /home/***/.local/lib/python3.10/site-packages/***/providers/common/sql/hooks/sql.py:263 UserWarning: pandas only supports SQLAlchemy connectable (engine/connection) or database string URI or sqlite3 DBAPI2 connection. Other DBAPI2 objects are not tested. Please consider using SQLAlchemy.
[2026-04-11T07:36:13.133+0000] {base.py:84} INFO - Using connection ID 'postgres' for task execution.
[2026-04-11T07:36:14.799+0000] {logging_mixin.py:188} INFO - Da trich xuat va luu bang payments tu MySQL vao PostgreSQL schema staging
[2026-04-11T07:36:14.803+0000] {base.py:84} INFO - Using connection ID 'mysql' for task execution.
[2026-04-11T07:36:14.809+0000] {logging_mixin.py:188} WARNING - /home/***/.local/lib/python3.10/site-packages/***/providers/common/sql/hooks/sql.py:263 UserWarning: pandas only supports SQLAlchemy connectable (engine/connection) or database string URI or sqlite3 DBAPI2 connection. Other DBAPI2 objects are not tested. Please consider using SQLAlchemy.
[2026-04-11T07:36:15.165+0000] {base.py:84} INFO - Using connection ID 'postgres' for task execution.
[2026-04-11T07:36:16.769+0000] {logging_mixin.py:188} INFO - Da trich xuat va luu bang order_reviews tu MySQL vao PostgreSQL schema staging
[2026-04-11T07:36:16.780+0000] {python.py:237} INFO - Done. Returned value was: None
[2026-04-11T07:36:16.780+0000] {taskinstance.py:441} INFO - ::group::Post task execution logs
[2026-04-11T07:36:16.785+0000] {taskinstance.py:1206} INFO - Marking task as SUCCESS. dag_id=e_commerce_dw_etl, task_id=extract.extract_and_load_to_staging, run_id=manual__2026-04-11T07:35:47.192935+00:00, execution_date=20260411T073547, start_date=20260411T073548, end_date=20260411T073616
[2026-04-11T07:36:16.810+0000] {local_task_job_runner.py:240} INFO - Task exited with return code 0
[2026-04-11T07:36:16.833+0000] {taskinstance.py:3503} INFO - 6 downstream tasks scheduled from follow-on schedule check
[2026-04-11T07:36:16.834+0000] {local_task_job_runner.py:222} INFO - ::endgroup::
