[2026-04-10T04:25:26.330+0000] {local_task_job_runner.py:120} INFO - ::group::Pre task execution logs
[2026-04-10T04:25:26.347+0000] {taskinstance.py:2076} INFO - Dependencies all met for dep_context=non-requeueable deps ti=<TaskInstance: e_commerce_dw_etl.extract.extract_and_load_to_staging manual__2026-04-10T04:25:25+00:00 [queued]>
[2026-04-10T04:25:26.351+0000] {taskinstance.py:2076} INFO - Dependencies all met for dep_context=requeueable deps ti=<TaskInstance: e_commerce_dw_etl.extract.extract_and_load_to_staging manual__2026-04-10T04:25:25+00:00 [queued]>
[2026-04-10T04:25:26.351+0000] {taskinstance.py:2306} INFO - Starting attempt 1 of 3
[2026-04-10T04:25:26.356+0000] {taskinstance.py:2330} INFO - Executing <Task(PythonOperator): extract.extract_and_load_to_staging> on 2026-04-10 04:25:25+00:00
[2026-04-10T04:25:26.358+0000] {standard_task_runner.py:63} INFO - Started process 177 to run task
[2026-04-10T04:25:26.361+0000] {standard_task_runner.py:90} INFO - Running: ['***', 'tasks', 'run', 'e_commerce_dw_etl', 'extract.extract_and_load_to_staging', 'manual__2026-04-10T04:25:25+00:00', '--job-id', '702', '--raw', '--subdir', 'DAGS_FOLDER/e_commerce_dw_dag.py', '--cfg-path', '/tmp/tmp50iv0v1a']
[2026-04-10T04:25:26.362+0000] {standard_task_runner.py:91} INFO - Job 702: Subtask extract.extract_and_load_to_staging
[2026-04-10T04:25:26.384+0000] {task_command.py:426} INFO - Running <TaskInstance: e_commerce_dw_etl.extract.extract_and_load_to_staging manual__2026-04-10T04:25:25+00:00 [running]> on host 91966b1ada42
[2026-04-10T04:25:26.420+0000] {taskinstance.py:2648} INFO - Exporting env vars: AIRFLOW_CTX_DAG_OWNER='***' AIRFLOW_CTX_DAG_ID='e_commerce_dw_etl' AIRFLOW_CTX_TASK_ID='extract.extract_and_load_to_staging' AIRFLOW_CTX_EXECUTION_DATE='2026-04-10T04:25:25+00:00' AIRFLOW_CTX_TRY_NUMBER='1' AIRFLOW_CTX_DAG_RUN_ID='manual__2026-04-10T04:25:25+00:00'
[2026-04-10T04:25:26.420+0000] {taskinstance.py:430} INFO - ::endgroup::
[2026-04-10T04:25:26.429+0000] {base.py:84} INFO - Using connection ID 'mysql' for task execution.
[2026-04-10T04:25:26.435+0000] {mysql_operator.py:28} INFO - Successfully connected to mysql database
[2026-04-10T04:25:26.438+0000] {base.py:84} INFO - Using connection ID 'postgres' for task execution.
[2026-04-10T04:25:26.440+0000] {sql.py:487} INFO - Running statement: CREATE SCHEMA IF NOT EXISTS staging;, parameters: None
[2026-04-10T04:25:26.446+0000] {base.py:84} INFO - Using connection ID 'postgres' for task execution.
[2026-04-10T04:25:26.448+0000] {sql.py:487} INFO - Running statement: CREATE SCHEMA IF NOT EXISTS warehouse;, parameters: None
[2026-04-10T04:25:26.450+0000] {base.py:84} INFO - Using connection ID 'mysql' for task execution.
[2026-04-10T04:25:26.456+0000] {logging_mixin.py:188} WARNING - /home/***/.local/lib/python3.10/site-packages/***/providers/common/sql/hooks/sql.py:263 UserWarning: pandas only supports SQLAlchemy connectable (engine/connection) or database string URI or sqlite3 DBAPI2 connection. Other DBAPI2 objects are not tested. Please consider using SQLAlchemy.
[2026-04-10T04:25:26.461+0000] {base.py:84} INFO - Using connection ID 'postgres' for task execution.
[2026-04-10T04:25:26.485+0000] {logging_mixin.py:188} INFO - Da trich xuat va luu bang product_category_name_translation tu MySQL vao PostgreSQL schema staging
[2026-04-10T04:25:26.488+0000] {base.py:84} INFO - Using connection ID 'mysql' for task execution.
[2026-04-10T04:25:26.490+0000] {logging_mixin.py:188} WARNING - /home/***/.local/lib/python3.10/site-packages/***/providers/common/sql/hooks/sql.py:263 UserWarning: pandas only supports SQLAlchemy connectable (engine/connection) or database string URI or sqlite3 DBAPI2 connection. Other DBAPI2 objects are not tested. Please consider using SQLAlchemy.
[2026-04-10T04:25:27.716+0000] {base.py:84} INFO - Using connection ID 'postgres' for task execution.
[2026-04-10T04:25:39.620+0000] {logging_mixin.py:188} INFO - Da trich xuat va luu bang geolocation tu MySQL vao PostgreSQL schema staging
[2026-04-10T04:25:39.625+0000] {base.py:84} INFO - Using connection ID 'mysql' for task execution.
[2026-04-10T04:25:39.629+0000] {logging_mixin.py:188} WARNING - /home/***/.local/lib/python3.10/site-packages/***/providers/common/sql/hooks/sql.py:263 UserWarning: pandas only supports SQLAlchemy connectable (engine/connection) or database string URI or sqlite3 DBAPI2 connection. Other DBAPI2 objects are not tested. Please consider using SQLAlchemy.
[2026-04-10T04:25:39.679+0000] {base.py:84} INFO - Using connection ID 'postgres' for task execution.
[2026-04-10T04:25:39.712+0000] {logging_mixin.py:188} INFO - Da trich xuat va luu bang sellers tu MySQL vao PostgreSQL schema staging
[2026-04-10T04:25:39.715+0000] {base.py:84} INFO - Using connection ID 'mysql' for task execution.
[2026-04-10T04:25:39.716+0000] {logging_mixin.py:188} WARNING - /home/***/.local/lib/python3.10/site-packages/***/providers/common/sql/hooks/sql.py:263 UserWarning: pandas only supports SQLAlchemy connectable (engine/connection) or database string URI or sqlite3 DBAPI2 connection. Other DBAPI2 objects are not tested. Please consider using SQLAlchemy.
[2026-04-10T04:25:40.052+0000] {base.py:84} INFO - Using connection ID 'postgres' for task execution.
[2026-04-10T04:25:41.024+0000] {logging_mixin.py:188} INFO - Da trich xuat va luu bang customers tu MySQL vao PostgreSQL schema staging
[2026-04-10T04:25:41.031+0000] {base.py:84} INFO - Using connection ID 'mysql' for task execution.
[2026-04-10T04:25:41.034+0000] {logging_mixin.py:188} WARNING - /home/***/.local/lib/python3.10/site-packages/***/providers/common/sql/hooks/sql.py:263 UserWarning: pandas only supports SQLAlchemy connectable (engine/connection) or database string URI or sqlite3 DBAPI2 connection. Other DBAPI2 objects are not tested. Please consider using SQLAlchemy.
[2026-04-10T04:25:41.127+0000] {base.py:84} INFO - Using connection ID 'postgres' for task execution.
[2026-04-10T04:25:41.712+0000] {logging_mixin.py:188} INFO - Da trich xuat va luu bang products tu MySQL vao PostgreSQL schema staging
[2026-04-10T04:25:41.716+0000] {base.py:84} INFO - Using connection ID 'mysql' for task execution.
[2026-04-10T04:25:41.718+0000] {logging_mixin.py:188} WARNING - /home/***/.local/lib/python3.10/site-packages/***/providers/common/sql/hooks/sql.py:263 UserWarning: pandas only supports SQLAlchemy connectable (engine/connection) or database string URI or sqlite3 DBAPI2 connection. Other DBAPI2 objects are not tested. Please consider using SQLAlchemy.
[2026-04-10T04:25:42.126+0000] {base.py:84} INFO - Using connection ID 'postgres' for task execution.
[2026-04-10T04:25:43.762+0000] {logging_mixin.py:188} INFO - Da trich xuat va luu bang orders tu MySQL vao PostgreSQL schema staging
[2026-04-10T04:25:43.765+0000] {base.py:84} INFO - Using connection ID 'mysql' for task execution.
[2026-04-10T04:25:43.768+0000] {logging_mixin.py:188} WARNING - /home/***/.local/lib/python3.10/site-packages/***/providers/common/sql/hooks/sql.py:263 UserWarning: pandas only supports SQLAlchemy connectable (engine/connection) or database string URI or sqlite3 DBAPI2 connection. Other DBAPI2 objects are not tested. Please consider using SQLAlchemy.
[2026-04-10T04:25:43.998+0000] {base.py:84} INFO - Using connection ID 'postgres' for task execution.
[2026-04-10T04:25:45.624+0000] {logging_mixin.py:188} INFO - Da trich xuat va luu bang order_items tu MySQL vao PostgreSQL schema staging
[2026-04-10T04:25:45.627+0000] {base.py:84} INFO - Using connection ID 'mysql' for task execution.
[2026-04-10T04:25:45.629+0000] {logging_mixin.py:188} WARNING - /home/***/.local/lib/python3.10/site-packages/***/providers/common/sql/hooks/sql.py:263 UserWarning: pandas only supports SQLAlchemy connectable (engine/connection) or database string URI or sqlite3 DBAPI2 connection. Other DBAPI2 objects are not tested. Please consider using SQLAlchemy.
[2026-04-10T04:25:45.777+0000] {base.py:84} INFO - Using connection ID 'postgres' for task execution.
[2026-04-10T04:25:46.944+0000] {logging_mixin.py:188} INFO - Da trich xuat va luu bang payments tu MySQL vao PostgreSQL schema staging
[2026-04-10T04:25:46.947+0000] {base.py:84} INFO - Using connection ID 'mysql' for task execution.
[2026-04-10T04:25:46.950+0000] {logging_mixin.py:188} WARNING - /home/***/.local/lib/python3.10/site-packages/***/providers/common/sql/hooks/sql.py:263 UserWarning: pandas only supports SQLAlchemy connectable (engine/connection) or database string URI or sqlite3 DBAPI2 connection. Other DBAPI2 objects are not tested. Please consider using SQLAlchemy.
[2026-04-10T04:25:47.205+0000] {base.py:84} INFO - Using connection ID 'postgres' for task execution.
[2026-04-10T04:25:48.712+0000] {logging_mixin.py:188} INFO - Da trich xuat va luu bang order_reviews tu MySQL vao PostgreSQL schema staging
[2026-04-10T04:25:48.721+0000] {python.py:237} INFO - Done. Returned value was: None
[2026-04-10T04:25:48.721+0000] {taskinstance.py:441} INFO - ::group::Post task execution logs
[2026-04-10T04:25:48.725+0000] {taskinstance.py:1206} INFO - Marking task as SUCCESS. dag_id=e_commerce_dw_etl, task_id=extract.extract_and_load_to_staging, run_id=manual__2026-04-10T04:25:25+00:00, execution_date=20260410T042525, start_date=20260410T042526, end_date=20260410T042548
[2026-04-10T04:25:48.751+0000] {local_task_job_runner.py:240} INFO - Task exited with return code 0
[2026-04-10T04:25:48.772+0000] {taskinstance.py:3503} INFO - 6 downstream tasks scheduled from follow-on schedule check
[2026-04-10T04:25:48.774+0000] {local_task_job_runner.py:222} INFO - ::endgroup::
