[2026-04-12T03:06:34.270+0000] {local_task_job_runner.py:120} INFO - ::group::Pre task execution logs
[2026-04-12T03:06:34.305+0000] {taskinstance.py:2076} INFO - Dependencies all met for dep_context=non-requeueable deps ti=<TaskInstance: e_commerce_dw_etl.extract.extract_and_load_to_staging manual__2026-04-12T03:06:32.849314+00:00 [queued]>
[2026-04-12T03:06:34.309+0000] {taskinstance.py:2076} INFO - Dependencies all met for dep_context=requeueable deps ti=<TaskInstance: e_commerce_dw_etl.extract.extract_and_load_to_staging manual__2026-04-12T03:06:32.849314+00:00 [queued]>
[2026-04-12T03:06:34.309+0000] {taskinstance.py:2306} INFO - Starting attempt 1 of 3
[2026-04-12T03:06:34.316+0000] {taskinstance.py:2330} INFO - Executing <Task(PythonOperator): extract.extract_and_load_to_staging> on 2026-04-12 03:06:32.849314+00:00
[2026-04-12T03:06:34.318+0000] {standard_task_runner.py:63} INFO - Started process 16433 to run task
[2026-04-12T03:06:34.321+0000] {standard_task_runner.py:90} INFO - Running: ['***', 'tasks', 'run', 'e_commerce_dw_etl', 'extract.extract_and_load_to_staging', 'manual__2026-04-12T03:06:32.849314+00:00', '--job-id', '750', '--raw', '--subdir', 'DAGS_FOLDER/e_commerce_dw_dag.py', '--cfg-path', '/tmp/tmpxfjbieh7']
[2026-04-12T03:06:34.322+0000] {standard_task_runner.py:91} INFO - Job 750: Subtask extract.extract_and_load_to_staging
[2026-04-12T03:06:34.374+0000] {task_command.py:426} INFO - Running <TaskInstance: e_commerce_dw_etl.extract.extract_and_load_to_staging manual__2026-04-12T03:06:32.849314+00:00 [running]> on host 91966b1ada42
[2026-04-12T03:06:34.443+0000] {taskinstance.py:2648} INFO - Exporting env vars: AIRFLOW_CTX_DAG_OWNER='***' AIRFLOW_CTX_DAG_ID='e_commerce_dw_etl' AIRFLOW_CTX_TASK_ID='extract.extract_and_load_to_staging' AIRFLOW_CTX_EXECUTION_DATE='2026-04-12T03:06:32.849314+00:00' AIRFLOW_CTX_TRY_NUMBER='1' AIRFLOW_CTX_DAG_RUN_ID='manual__2026-04-12T03:06:32.849314+00:00'
[2026-04-12T03:06:34.445+0000] {taskinstance.py:430} INFO - ::endgroup::
[2026-04-12T03:06:34.472+0000] {base.py:84} INFO - Using connection ID 'mysql' for task execution.
[2026-04-12T03:06:34.494+0000] {mysql_operator.py:28} INFO - Successfully connected to mysql database
[2026-04-12T03:06:34.497+0000] {base.py:84} INFO - Using connection ID 'postgres' for task execution.
[2026-04-12T03:06:34.500+0000] {sql.py:487} INFO - Running statement: CREATE SCHEMA IF NOT EXISTS staging;, parameters: None
[2026-04-12T03:06:34.504+0000] {base.py:84} INFO - Using connection ID 'postgres' for task execution.
[2026-04-12T03:06:34.506+0000] {sql.py:487} INFO - Running statement: CREATE SCHEMA IF NOT EXISTS warehouse;, parameters: None
[2026-04-12T03:06:34.511+0000] {base.py:84} INFO - Using connection ID 'mysql' for task execution.
[2026-04-12T03:06:34.531+0000] {logging_mixin.py:188} WARNING - /home/***/.local/lib/python3.10/site-packages/***/providers/common/sql/hooks/sql.py:263 UserWarning: pandas only supports SQLAlchemy connectable (engine/connection) or database string URI or sqlite3 DBAPI2 connection. Other DBAPI2 objects are not tested. Please consider using SQLAlchemy.
[2026-04-12T03:06:34.558+0000] {base.py:84} INFO - Using connection ID 'postgres' for task execution.
[2026-04-12T03:06:34.600+0000] {logging_mixin.py:188} INFO - Da trich xuat va luu bang product_category_name_translation tu MySQL vao PostgreSQL schema staging
[2026-04-12T03:06:34.605+0000] {base.py:84} INFO - Using connection ID 'mysql' for task execution.
[2026-04-12T03:06:34.608+0000] {logging_mixin.py:188} WARNING - /home/***/.local/lib/python3.10/site-packages/***/providers/common/sql/hooks/sql.py:263 UserWarning: pandas only supports SQLAlchemy connectable (engine/connection) or database string URI or sqlite3 DBAPI2 connection. Other DBAPI2 objects are not tested. Please consider using SQLAlchemy.
[2026-04-12T03:06:36.135+0000] {base.py:84} INFO - Using connection ID 'postgres' for task execution.
[2026-04-12T03:06:49.871+0000] {logging_mixin.py:188} INFO - Da trich xuat va luu bang geolocation tu MySQL vao PostgreSQL schema staging
[2026-04-12T03:06:49.887+0000] {base.py:84} INFO - Using connection ID 'mysql' for task execution.
[2026-04-12T03:06:49.893+0000] {logging_mixin.py:188} WARNING - /home/***/.local/lib/python3.10/site-packages/***/providers/common/sql/hooks/sql.py:263 UserWarning: pandas only supports SQLAlchemy connectable (engine/connection) or database string URI or sqlite3 DBAPI2 connection. Other DBAPI2 objects are not tested. Please consider using SQLAlchemy.
[2026-04-12T03:06:49.947+0000] {base.py:84} INFO - Using connection ID 'postgres' for task execution.
[2026-04-12T03:06:50.004+0000] {logging_mixin.py:188} INFO - Da trich xuat va luu bang sellers tu MySQL vao PostgreSQL schema staging
[2026-04-12T03:06:50.010+0000] {base.py:84} INFO - Using connection ID 'mysql' for task execution.
[2026-04-12T03:06:50.014+0000] {logging_mixin.py:188} WARNING - /home/***/.local/lib/python3.10/site-packages/***/providers/common/sql/hooks/sql.py:263 UserWarning: pandas only supports SQLAlchemy connectable (engine/connection) or database string URI or sqlite3 DBAPI2 connection. Other DBAPI2 objects are not tested. Please consider using SQLAlchemy.
[2026-04-12T03:06:50.119+0000] {base.py:84} INFO - Using connection ID 'postgres' for task execution.
[2026-04-12T03:06:51.228+0000] {logging_mixin.py:188} INFO - Da trich xuat va luu bang customers tu MySQL vao PostgreSQL schema staging
[2026-04-12T03:06:51.236+0000] {base.py:84} INFO - Using connection ID 'mysql' for task execution.
[2026-04-12T03:06:51.238+0000] {logging_mixin.py:188} WARNING - /home/***/.local/lib/python3.10/site-packages/***/providers/common/sql/hooks/sql.py:263 UserWarning: pandas only supports SQLAlchemy connectable (engine/connection) or database string URI or sqlite3 DBAPI2 connection. Other DBAPI2 objects are not tested. Please consider using SQLAlchemy.
[2026-04-12T03:06:51.296+0000] {base.py:84} INFO - Using connection ID 'postgres' for task execution.
[2026-04-12T03:06:51.880+0000] {logging_mixin.py:188} INFO - Da trich xuat va luu bang products tu MySQL vao PostgreSQL schema staging
[2026-04-12T03:06:51.883+0000] {base.py:84} INFO - Using connection ID 'mysql' for task execution.
[2026-04-12T03:06:51.886+0000] {logging_mixin.py:188} WARNING - /home/***/.local/lib/python3.10/site-packages/***/providers/common/sql/hooks/sql.py:263 UserWarning: pandas only supports SQLAlchemy connectable (engine/connection) or database string URI or sqlite3 DBAPI2 connection. Other DBAPI2 objects are not tested. Please consider using SQLAlchemy.
[2026-04-12T03:06:52.168+0000] {base.py:84} INFO - Using connection ID 'postgres' for task execution.
[2026-04-12T03:06:54.268+0000] {logging_mixin.py:188} INFO - Da trich xuat va luu bang orders tu MySQL vao PostgreSQL schema staging
[2026-04-12T03:06:54.284+0000] {base.py:84} INFO - Using connection ID 'mysql' for task execution.
[2026-04-12T03:06:54.292+0000] {logging_mixin.py:188} WARNING - /home/***/.local/lib/python3.10/site-packages/***/providers/common/sql/hooks/sql.py:263 UserWarning: pandas only supports SQLAlchemy connectable (engine/connection) or database string URI or sqlite3 DBAPI2 connection. Other DBAPI2 objects are not tested. Please consider using SQLAlchemy.
[2026-04-12T03:06:54.543+0000] {base.py:84} INFO - Using connection ID 'postgres' for task execution.
[2026-04-12T03:06:56.544+0000] {logging_mixin.py:188} INFO - Da trich xuat va luu bang order_items tu MySQL vao PostgreSQL schema staging
[2026-04-12T03:06:56.551+0000] {base.py:84} INFO - Using connection ID 'mysql' for task execution.
[2026-04-12T03:06:56.554+0000] {logging_mixin.py:188} WARNING - /home/***/.local/lib/python3.10/site-packages/***/providers/common/sql/hooks/sql.py:263 UserWarning: pandas only supports SQLAlchemy connectable (engine/connection) or database string URI or sqlite3 DBAPI2 connection. Other DBAPI2 objects are not tested. Please consider using SQLAlchemy.
[2026-04-12T03:06:56.680+0000] {base.py:84} INFO - Using connection ID 'postgres' for task execution.
[2026-04-12T03:06:57.995+0000] {logging_mixin.py:188} INFO - Da trich xuat va luu bang payments tu MySQL vao PostgreSQL schema staging
[2026-04-12T03:06:57.999+0000] {base.py:84} INFO - Using connection ID 'mysql' for task execution.
[2026-04-12T03:06:58.002+0000] {logging_mixin.py:188} WARNING - /home/***/.local/lib/python3.10/site-packages/***/providers/common/sql/hooks/sql.py:263 UserWarning: pandas only supports SQLAlchemy connectable (engine/connection) or database string URI or sqlite3 DBAPI2 connection. Other DBAPI2 objects are not tested. Please consider using SQLAlchemy.
[2026-04-12T03:06:58.217+0000] {base.py:84} INFO - Using connection ID 'postgres' for task execution.
[2026-04-12T03:06:59.674+0000] {logging_mixin.py:188} INFO - Da trich xuat va luu bang order_reviews tu MySQL vao PostgreSQL schema staging
[2026-04-12T03:06:59.684+0000] {python.py:237} INFO - Done. Returned value was: None
[2026-04-12T03:06:59.684+0000] {taskinstance.py:441} INFO - ::group::Post task execution logs
[2026-04-12T03:06:59.689+0000] {taskinstance.py:1206} INFO - Marking task as SUCCESS. dag_id=e_commerce_dw_etl, task_id=extract.extract_and_load_to_staging, run_id=manual__2026-04-12T03:06:32.849314+00:00, execution_date=20260412T030632, start_date=20260412T030634, end_date=20260412T030659
[2026-04-12T03:06:59.726+0000] {local_task_job_runner.py:240} INFO - Task exited with return code 0
[2026-04-12T03:06:59.747+0000] {taskinstance.py:3503} INFO - 6 downstream tasks scheduled from follow-on schedule check
[2026-04-12T03:06:59.749+0000] {local_task_job_runner.py:222} INFO - ::endgroup::
